[00:11:44] [Server thread/INFO]: [DinokoMC: Teleported DinokoMC to Pikel_03]
[00:13:19] [Server thread/INFO]: [DinokoMC: Set own game mode to Creative Mode]
[00:13:22] [Server thread/INFO]: [DinokoMC: Set own game mode to Survival Mode]
[00:14:10] [Server thread/INFO]: [Pikel_03: Teleported Pikel_03 to DinokoMC]
[00:15:53] [Server thread/INFO]: [Pikel_03: Teleported Pikel_03 to 52.500000, 64.500000, 161.500000]
[00:16:41] [Server thread/INFO]: [Not Secure] <DinokoMC> xaero-waypoint:Oupost:O:-715:80:217:15:false:0:Internal-overworld-waypoints
[00:17:27] [Server thread/INFO]: [DinokoMC: Teleported DinokoMC to Pikel_03]
[00:19:44] [Server thread/INFO]: DinokoMC has reached the goal [Postmortal]
[00:23:11] [Server thread/INFO]: [Pikel_03: Teleported Pikel_03 to -1305.500000, 16.500000, -747.500000]
[00:23:39] [Server thread/INFO]: Async chunk loading for player Pikel_03 completed
[00:25:43] [Server thread/INFO]: [Pikel_03: Teleported Pikel_03 to -1305.500000, 16.500000, -747.500000]
[00:27:17] [Server thread/INFO]: Pikel_03 has made the advancement [Bring Home the Beacon]
[00:27:17] [Server thread/INFO]: Pikel_03 has reached the goal [Beaconator]
[00:35:55] [Server thread/INFO]: Pikel_03 lost connection: Disconnected
[00:35:55] [Server thread/INFO]: Pikel_03 left the game
[00:55:55] [Server thread/INFO]: Pikel_03[/127.189.11.85:42669] logged in with entity id 38492 at (32.11427397390853, 116.0, 24.290990906559863)
[00:55:55] [Server thread/INFO]: Syncing config to Pikel_03 (afc4c9dd-8d66-358b-8b8b-98baedbba298)
[00:55:55] [Server thread/INFO]: Loading config from file...
[00:55:55] [Server thread/INFO]: Pikel_03 joined the game
[00:55:55] [Server thread/INFO]: Async chunk loading for player Pikel_03 completed
[00:55:55] [Server thread/INFO]: [bclib] Received Hello from Client. (server=3.0.14, client=3.0.14)
[00:55:55] [Server thread/INFO]: [bclib] Sending Hello to Client. (server=3.0.14)
[00:55:55] [Server thread/INFO]: [bclib] 	- Listing Mod bclib v3.0.14 (size: 2.2 MiB, download=true)
[00:55:55] [Server thread/INFO]: [bclib] 	- Offering Config bclib.CONFIG_bclib.generator
[00:55:55] [Server thread/INFO]: [bclib] 	- Offering Config bclib.CONFIG_bclib.main
[00:55:55] [Server thread/INFO]: [bclib] 	- Offering Config bclib.CONFIG_bclib.biomes
[00:55:55] [Server thread/INFO]: [bclib] 	- Offering Config bclib.CONFIG_betterend.entities
[00:55:55] [Server thread/INFO]: [bclib] 	- Offering Config bclib.CONFIG_betterend.blocks
[00:55:55] [Server thread/INFO]: [bclib] 	- Offering Config bclib.CONFIG_betterend.items
[00:55:55] [Server thread/INFO]: [bclib] 	- Offering Config bclib.CONFIG_betterend.enchantments
[00:55:55] [Server thread/INFO]: [bclib] 	- Offering Folder /workspaces/porfavor-funciona/servidor_minecraft/bclib-sync (allowDelete=true)
[01:06:44] [Server thread/INFO]: [Not Secure] <DinokoMC> mmgvo
[01:19:02] [Server thread/INFO]: Async chunk loading for player Pikel_03 completed
[01:19:13] [Server thread/INFO]: [Not Secure] <DinokoMC> burda
[01:29:48] [Server thread/INFO]: Pikel_03 fell from a high place
[01:29:48] [Server thread/INFO]: Created new backpack backup file for Pikel_03 with unique ID travelersbackpack.netherite_09.06.2025-01.29.48.dat
[01:29:50] [Server thread/INFO]: Async chunk loading for player Pikel_03 completed
[01:34:05] [Server thread/INFO]: [Pikel_03: Teleported Pikel_03 to 52.500000, 64.500000, 161.500000]
