[19:34:30] [main/INFO] ========================================
[19:34:30] [main/INFO] Minecraft: 1.20.1
[19:34:30] [main/INFO] Side: server
[19:34:30] [main/INFO] Development: false
[19:34:30] [main/INFO] Version: 12.1.785
[19:34:30] [main/INFO] Loader:
[19:34:30] [main/INFO] - Fabric: 0.16.3
[19:34:30] [main/INFO] - Fabric API: 0.92.2+1.20.1
[19:34:30] [main/INFO] Dependencies:
[19:34:30] [main/INFO] - Cloth Config: 11.1.136
[19:34:30] [main/INFO] - Architectury: 9.2.14
[19:34:30] [main/INFO] Mixin: 0.8.7
[19:34:30] [main/INFO] OS: Linux 6.8.0-1027-azure (amd64)
[19:34:30] [main/INFO] Java: 21.0.7 (Ubuntu)
[19:34:30] [main/INFO] ========================================
[19:34:30] [main/INFO] Mods:
[19:34:30] [main/INFO] - accessories: 1.0.0-beta.47+1.20.1
[19:34:30] [main/INFO] - appleskin: 2.5.1+mc1.20
[19:34:30] [main/INFO] - architectury: 9.2.14
[19:34:30] [main/INFO] - bclib: 3.0.14
[19:34:30] [main/INFO] - betterend: 4.0.11
[19:34:30] [main/INFO] - betterendisland: 1.20-Fabric-2.0.6
[19:34:30] [main/INFO] - betterfortresses: 1.20-Fabric-2.0.6
[19:34:30] [main/INFO] - betteroceanmonuments: 1.20-Fabric-3.0.4
[19:34:30] [main/INFO] - bettervillage: 3.3.0
[19:34:30] [main/INFO] - blue_endless_jankson: 1.2.3
[19:34:30] [main/INFO] - cactusconfig: 2.1.1+knot+1.20.1
[19:34:30] [main/INFO] - cardinal-components: 5.2.3
[19:34:30] [main/INFO] - cardinal-components-base: 5.2.3
[19:34:30] [main/INFO] - cardinal-components-block: 5.2.3
[19:34:30] [main/INFO] - cardinal-components-chunk: 5.2.3
[19:34:30] [main/INFO] - cardinal-components-entity: 5.2.3
[19:34:30] [main/INFO] - cardinal-components-item: 5.2.3
[19:34:30] [main/INFO] - cardinal-components-level: 5.2.3
[19:34:30] [main/INFO] - cardinal-components-scoreboard: 5.2.3
[19:34:30] [main/INFO] - cardinal-components-world: 5.2.3
[19:34:30] [main/INFO] - cavedust: 3.0.0
[19:34:30] [main/INFO] - cloth-basic-math: 0.6.1
[19:34:30] [main/INFO] - cloth-config: 11.1.136
[19:34:30] [main/INFO] - cloth-config: 11.1.136
[19:34:30] [main/INFO] - codec-config-api: 3.0.1+1.20.1
[19:34:30] [main/INFO] - collective: 7.84
[19:34:30] [main/INFO] - com_electronwill_night-config_core: 3.6.6
[19:34:30] [main/INFO] - com_electronwill_night-config_toml: 3.6.6
[19:34:30] [main/INFO] - com_konghq_unirest-java_standalone: 3.11.9
[19:34:30] [main/INFO] - com_twelvemonkeys_common_common-image: 3.12.0
[19:34:30] [main/INFO] - com_twelvemonkeys_common_common-io: 3.12.0
[19:34:30] [main/INFO] - com_twelvemonkeys_common_common-lang: 3.12.0
[19:34:30] [main/INFO] - com_twelvemonkeys_imageio_imageio-core: 3.12.0
[19:34:30] [main/INFO] - com_twelvemonkeys_imageio_imageio-metadata: 3.12.0
[19:34:30] [main/INFO] - com_twelvemonkeys_imageio_imageio-webp: 3.12.0
[19:34:30] [main/INFO] - commons-validator_commons-validator: 1.7
[19:34:30] [main/INFO] - crops_love_rain: 1.4.0
[19:34:30] [main/INFO] - ctov: 3.4.14
[19:34:30] [main/INFO] - customizableelytra: 2.1.2+1.20
[19:34:30] [main/INFO] - easyshulkerboxes: 8.0.2
[19:34:30] [main/INFO] - entityculling: 1.7.0
[19:34:30] [main/INFO] - error_notifier: 1.0.9
[19:34:30] [main/INFO] - fabric-api: 0.92.2+1.20.1
[19:34:30] [main/INFO] - fabric-api: 0.92.2+1.20.1
[19:34:30] [main/INFO] - fabric-api-base: 0.4.31+1802ada577
[19:34:30] [main/INFO] - fabric-api-lookup-api-v1: 1.6.36+1802ada577
[19:34:30] [main/INFO] - fabric-biome-api-v1: 13.0.13+1802ada577
[19:34:30] [main/INFO] - fabric-block-api-v1: 1.0.11+1802ada577
[19:34:30] [main/INFO] - fabric-block-view-api-v2: 1.0.1+1802ada577
[19:34:30] [main/INFO] - fabric-command-api-v1: 1.2.34+f71b366f77
[19:34:30] [main/INFO] - fabric-command-api-v2: 2.2.13+1802ada577
[19:34:30] [main/INFO] - fabric-commands-v0: 0.2.51+df3654b377
[19:34:30] [main/INFO] - fabric-containers-v0: 0.1.64+df3654b377
[19:34:30] [main/INFO] - fabric-content-registries-v0: 4.0.11+1802ada577
[19:34:30] [main/INFO] - fabric-convention-tags-v1: 1.5.5+1802ada577
[19:34:30] [main/INFO] - fabric-crash-report-info-v1: 0.2.19+1802ada577
[19:34:30] [main/INFO] - fabric-data-attachment-api-v1: 1.0.0+de0fd6d177
[19:34:30] [main/INFO] - fabric-data-generation-api-v1: 12.3.4+1802ada577
[19:34:30] [main/INFO] - fabric-dimensions-v1: 2.1.54+1802ada577
[19:34:30] [main/INFO] - fabric-entity-events-v1: 1.6.0+1c78457f77
[19:34:30] [main/INFO] - fabric-events-interaction-v0: 0.6.2+1802ada577
[19:34:30] [main/INFO] - fabric-events-lifecycle-v0: 0.2.63+df3654b377
[19:34:30] [main/INFO] - fabric-game-rule-api-v1: 1.0.40+1802ada577
[19:34:30] [main/INFO] - fabric-item-api-v1: 2.1.28+1802ada577
[19:34:30] [main/INFO] - fabric-item-group-api-v1: 4.0.12+1802ada577
[19:34:30] [main/INFO] - fabric-language-kotlin: 1.12.3+kotlin.2.0.21
[19:34:30] [main/INFO] - fabric-lifecycle-events-v1: 2.2.22+1802ada577
[19:34:30] [main/INFO] - fabric-loot-api-v2: 1.2.1+1802ada577
[19:34:30] [main/INFO] - fabric-loot-tables-v1: 1.1.45+9e7660c677
[19:34:30] [main/INFO] - fabric-message-api-v1: 5.1.9+1802ada577
[19:34:30] [main/INFO] - fabric-mining-level-api-v1: 2.1.50+1802ada577
[19:34:30] [main/INFO] - fabric-networking-api-v1: 1.3.11+1802ada577
[19:34:30] [main/INFO] - fabric-networking-v0: 0.3.51+df3654b377
[19:34:30] [main/INFO] - fabric-object-builder-api-v1: 11.1.3+1802ada577
[19:34:30] [main/INFO] - fabric-particles-v1: 1.1.2+1802ada577
[19:34:30] [main/INFO] - fabric-permissions-api-v0: 0.3.1
[19:34:30] [main/INFO] - fabric-recipe-api-v1: 1.0.21+1802ada577
[19:34:30] [main/INFO] - fabric-registry-sync-v0: 2.3.3+1802ada577
[19:34:30] [main/INFO] - fabric-rendering-data-attachment-v1: 0.3.37+92a0d36777
[19:34:30] [main/INFO] - fabric-rendering-fluids-v1: 3.0.28+1802ada577
[19:34:30] [main/INFO] - fabric-resource-conditions-api-v1: 2.3.8+1802ada577
[19:34:30] [main/INFO] - fabric-resource-loader-v0: 0.11.10+1802ada577
[19:34:30] [main/INFO] - fabric-screen-handler-api-v1: 1.3.30+1802ada577
[19:34:30] [main/INFO] - fabric-transfer-api-v1: 3.3.5+8dd72ea377
[19:34:30] [main/INFO] - fabric-transitive-access-wideners-v1: 4.3.1+1802ada577
[19:34:30] [main/INFO] - fabricloader: 0.16.3
[19:34:30] [main/INFO] - ferritecore: 6.0.1
[19:34:30] [main/INFO] - forgeconfigapiport: 8.0.0
[19:34:30] [main/INFO] - formations: 1.0.3
[19:34:30] [main/INFO] - formationsnether: 1.0.5
[19:34:30] [main/INFO] - formationsoverworld: 1.0.4
[19:34:30] [main/INFO] - fzzy_config: 0.5.4+1.20.1
[19:34:30] [main/INFO] - glowing-torchflower: 1.1.0
[19:34:30] [main/INFO] - grindenchantments: 3.1.4+1.20.1
[19:34:30] [main/INFO] - horsebuff: 2.1.2
[19:34:30] [main/INFO] - io_wispforest_endec: 0.1.8
[19:34:30] [main/INFO] - io_wispforest_endec_gson: 0.1.5
[19:34:30] [main/INFO] - io_wispforest_endec_netty: 0.1.4
[19:34:30] [main/INFO] - jade: 11.13.1+fabric
[19:34:30] [main/INFO] - jamlib: 0.6.1+1.20.x
[19:34:30] [main/INFO] - java: 21
[19:34:30] [main/INFO] - jei: 15.20.0.105
[19:34:30] [main/INFO] - kirin: 1.15.6+1.20.1
[19:34:30] [main/INFO] - libraryferret: 4.0.0
[19:34:30] [main/INFO] - lithium: 0.11.2
[19:34:30] [main/INFO] - lithostitched: 1.4.7
[19:34:30] [main/INFO] - minecraft: 1.20.1
[19:34:30] [main/INFO] - mixinextras: 0.4.1
[19:34:30] [main/INFO] - modernfix: 5.19.4+mc1.20.1
[19:34:30] [main/INFO] - mr_dungeons_andtaverns: 3.0.3.f
[19:34:30] [main/INFO] - mr_dungeons_andtavernsstrongholdrework: 1
[19:34:30] [main/INFO] - mr_mastercutter: 1.1
[19:34:30] [main/INFO] - net_peanuuutz_tomlkt_tomlkt-jvm: 0.3.7
[19:34:30] [main/INFO] - no-resource-pack-warnings: 1.3.0
[19:34:30] [main/INFO] - noisium: 2.3.0+mc1.20-1.20.1
[19:34:30] [main/INFO] - notenoughanimations: 1.7.6
[19:34:30] [main/INFO] - org_javassist_javassist: 3.29.2-GA
[19:34:30] [main/INFO] - org_jetbrains_kotlin_kotlin-reflect: 2.0.21
[19:34:30] [main/INFO] - org_jetbrains_kotlin_kotlin-stdlib: 2.0.21
[19:34:30] [main/INFO] - org_jetbrains_kotlin_kotlin-stdlib-jdk7: 2.0.21
[19:34:30] [main/INFO] - org_jetbrains_kotlin_kotlin-stdlib-jdk8: 2.0.21
[19:34:30] [main/INFO] - org_jetbrains_kotlinx_atomicfu-jvm: 0.25.0
[19:34:30] [main/INFO] - org_jetbrains_kotlinx_kotlinx-coroutines-core-jvm: 1.9.0
[19:34:30] [main/INFO] - org_jetbrains_kotlinx_kotlinx-coroutines-jdk8: 1.9.0
[19:34:30] [main/INFO] - org_jetbrains_kotlinx_kotlinx-datetime-jvm: 0.6.1
[19:34:30] [main/INFO] - org_jetbrains_kotlinx_kotlinx-io-bytestring-jvm: 0.5.4
[19:34:30] [main/INFO] - org_jetbrains_kotlinx_kotlinx-io-core-jvm: 0.5.4
[19:34:30] [main/INFO] - org_jetbrains_kotlinx_kotlinx-serialization-cbor-jvm: 1.7.3
[19:34:30] [main/INFO] - org_jetbrains_kotlinx_kotlinx-serialization-core-jvm: 1.7.3
[19:34:30] [main/INFO] - org_jetbrains_kotlinx_kotlinx-serialization-json-jvm: 1.7.3
[19:34:30] [main/INFO] - org_jsoup_jsoup: 1.16.1
[19:34:30] [main/INFO] - org_mineskin_java-client: 1.2.4-SNAPSHOT
[19:34:30] [main/INFO] - org_quiltmc_parsers_gson: 0.2.1
[19:34:30] [main/INFO] - org_quiltmc_parsers_json: 0.2.1
[19:34:30] [main/INFO] - org_reflections_reflections: 0.10.2
[19:34:30] [main/INFO] - owo: 0.11.2+1.20
[19:34:30] [main/INFO] - pickupnotifier: 8.0.0
[19:34:30] [main/INFO] - puzzlesaccessapi: 8.0.9
[19:34:30] [main/INFO] - puzzlesapi: 8.1.6
[19:34:30] [main/INFO] - puzzleslib: 8.1.24
[19:34:30] [main/INFO] - reach-entity-attributes: 2.4.0
[19:34:30] [main/INFO] - rightclickharvest: 3.2.3+1.19.x-1.20.1-fabric
[19:34:30] [main/INFO] - roughlyenoughitems: 12.1.785
[19:34:30] [main/INFO] - skinlayers3d: 1.6.7
[19:34:30] [main/INFO] - skinshuffle: 2.2.2+1.20.1
[19:34:30] [main/INFO] - threadtweak: 1.20.2-0.1.1
[19:34:30] [main/INFO] - toggleableitemframes: 5.1.0-1.20.1
[19:34:30] [main/INFO] - travelersbackpack: 9.1.36
[19:34:30] [main/INFO] - trinkets: 3.7.2
[19:34:30] [main/INFO] - u_desert: 1.6.0
[19:34:30] [main/INFO] - unwrecked_ships_plus: 2.0.5
[19:34:30] [main/INFO] - vmp: 0.2.0+beta.7.102
[19:34:30] [main/INFO] - wabi_sabi_structures: 2.0.0-1.20
[19:34:30] [main/INFO] - wunderlib: 1.1.5
[19:34:30] [main/INFO] - yet_another_config_lib_v3: 3.6.6+1.20.1-fabric
[19:34:30] [main/INFO] - yungsapi: 1.20-Fabric-4.0.6
[19:34:30] [main/INFO] ========================================
[19:34:30] [main/INFO] [REI] Registered plugin provider DefaultPlugin [roughlyenoughitems] for REIPlugin
[19:34:30] [main/INFO] [REI] Registered plugin provider DefaultRuntimePlugin [roughlyenoughitems] for REIPlugin
[19:34:30] [main/INFO] [REI] Registered plugin provider DefaultPlugin [roughlyenoughitems] for REIServerPlugin
[19:34:30] [main/INFO] [REI] Registered plugin provider DefaultRuntimePlugin [roughlyenoughitems] for REIServerPlugin
[19:34:30] [main/INFO] [REI] Registered plugin provider FabricFluidAPISupportPlugin for REIServerPlugin
[19:34:30] [main/INFO] [REI] Registered plugin provider FabricFluidAPISupportPlugin for REIPlugin
[19:35:47] [Worker-Main-1/DEBUG] [REI] Processed 5 tags in 1.233 ms for minecraft:game_event
[19:35:47] [Worker-Main-1/DEBUG] [REI] Processed 0 tags in 7.394 μs for minecraft:worldgen/structure_set
[19:35:47] [Worker-Main-1/DEBUG] [REI] Processed 0 tags in 14.68 μs for minecraft:damage_type
[19:35:47] [Worker-Main-1/DEBUG] [REI] Processed 0 tags in 29.88 μs for minecraft:worldgen/structure
[19:35:47] [Worker-Main-1/DEBUG] [REI] Processed 4 tags in 25.47 μs for minecraft:fluid
[19:35:47] [Worker-Main-1/DEBUG] [REI] Processed 20 tags in 105.5 μs for minecraft:entity_type
[19:35:47] [Worker-Main-2/DEBUG] [REI] Processed 215 tags in 4.710 ms for minecraft:item
[19:35:47] [Worker-Main-3/DEBUG] [REI] Processed 246 tags in 2.314 ms for minecraft:block
[19:35:47] [Worker-Main-2/DEBUG] [REI] Processed 1 tags in 46.92 μs for minecraft:painting_variant
[19:35:47] [Worker-Main-3/DEBUG] [REI] Processed 3 tags in 26.40 μs for minecraft:instrument
[19:35:47] [Worker-Main-3/DEBUG] [REI] Processed 0 tags in 4.709 μs for minecraft:worldgen/flat_level_generator_preset
[19:35:47] [Worker-Main-2/DEBUG] [REI] Processed 2 tags in 15.42 μs for minecraft:cat_variant
[19:35:47] [Worker-Main-3/DEBUG] [REI] Processed 0 tags in 12.88 μs for minecraft:worldgen/processor_list
[19:35:47] [Worker-Main-1/DEBUG] [REI] Processed 3 tags in 30.96 μs for minecraft:point_of_interest_type
[19:35:47] [Worker-Main-2/DEBUG] [REI] Processed 7 tags in 67.71 μs for minecraft:banner_pattern
[19:35:47] [Worker-Main-1/DEBUG] [REI] Processed 5 tags in 47.43 μs for minecraft:enchantment
[19:35:47] [Worker-Main-1/DEBUG] [REI] Processed 0 tags in 4.779 μs for minecraft:worldgen/world_preset
[19:35:47] [Worker-Main-3/DEBUG] [REI] Processed 0 tags in 104.1 μs for minecraft:worldgen/biome
[19:35:48] [main/DEBUG] [REI] Starting Reload Plugins of stage null
java.lang.Throwable
	at me.shedaniel.rei.impl.common.plugins.ReloadManagerImpl.reloadPlugins(ReloadManagerImpl.java:110)
	at me.shedaniel.rei.RoughlyEnoughItemsCore.lambda$onInitialize$5(RoughlyEnoughItemsCore.java:163)
	at java.base/java.util.concurrent.CompletableFuture$UniRun.tryFire(CompletableFuture.java:787)
	at java.base/java.util.concurrent.CompletableFuture$Completion.run(CompletableFuture.java:482)
	at net.minecraft.class_4014.method_18365(class_4014.java:69)
	at net.minecraft.class_156.method_43498(class_156.java:950)
	at net.minecraft.class_156.method_43499(class_156.java:938)
	at net.minecraft.server.Main.main(Main.java:160)
	at net.fabricmc.loader.impl.game.minecraft.MinecraftGameProvider.launch(MinecraftGameProvider.java:480)
	at net.fabricmc.loader.impl.launch.knot.Knot.launch(Knot.java:74)
	at net.fabricmc.loader.impl.launch.knot.KnotServer.main(KnotServer.java:23)
	at net.fabricmc.loader.impl.launch.server.FabricServerLauncher.main(FabricServerLauncher.java:69)
	at net.fabricmc.installer.ServerLauncher.main(ServerLauncher.java:69)
[19:35:48] [main/DEBUG] [REI] ========================================
[19:35:48] [main/DEBUG] [REI] REIPlugin starting pre-reload for START.
[19:35:48] [main/DEBUG] [REI] Reloadables (7):
[19:35:48] [main/DEBUG] [REI]  - EntryTypeRegistryImpl
[19:35:48] [main/DEBUG] [REI]  - EntrySettingsAdapterRegistryImpl
[19:35:48] [main/DEBUG] [REI]  - RecipeManagerContextImpl
[19:35:48] [main/DEBUG] [REI]  - ItemComparatorRegistryImpl
[19:35:48] [main/DEBUG] [REI]  - FluidComparatorRegistryImpl
[19:35:48] [main/DEBUG] [REI]  - DisplaySerializerRegistryImpl
[19:35:48] [main/DEBUG] [REI]  - FluidSupportProviderImpl
[19:35:48] [main/DEBUG] [REI] Plugins (3):
[19:35:48] [main/DEBUG] [REI]  - (-100.00) DefaultPlugin of DefaultPlugin [roughlyenoughitems]
[19:35:48] [main/DEBUG] [REI]  - (0.00) FabricFluidAPISupportPlugin
[19:35:48] [main/DEBUG] [REI]  - (0.00) DefaultRuntimePlugin of DefaultRuntimePlugin [roughlyenoughitems]
[19:35:48] [main/DEBUG] [REI] ========================================
[19:35:48] [main/TRACE] [REI] [REIPlugin START] Reloading Section: "pre-register/"
[19:35:48] [main/TRACE] [REI] [REIPlugin START] Reloading Section: "pre-register/DefaultPlugin of DefaultPlugin [roughlyenoughitems]/"
[19:35:48] [main/TRACE] [REI] [REIPlugin START] Reloading Section: "pre-register/DefaultPlugin of DefaultPlugin [roughlyenoughitems]/" done in 1.265 ms
[19:35:48] [main/TRACE] [REI] [REIPlugin START] Reloading Section: "pre-register/FabricFluidAPISupportPlugin/"
[19:35:48] [main/TRACE] [REI] [REIPlugin START] Reloading Section: "pre-register/FabricFluidAPISupportPlugin/" done in 57.31 μs
[19:35:48] [main/TRACE] [REI] [REIPlugin START] Reloading Section: "pre-register/DefaultRuntimePlugin of DefaultRuntimePlugin [roughlyenoughitems]/"
[19:35:48] [main/TRACE] [REI] [REIPlugin START] Reloading Section: "pre-register/DefaultRuntimePlugin of DefaultRuntimePlugin [roughlyenoughitems]/" done in 52.38 μs
[19:35:48] [main/TRACE] [REI] [REIPlugin START] Reloading Section: "pre-register/" done in 14.20 ms
[19:35:48] [main/TRACE] [REI] [REIPlugin START] Reloading Section: "pre-stage/"
[19:35:48] [main/TRACE] [REI] [REIPlugin START] Reloading Section: "pre-stage/EntryTypeRegistryImpl/"
[19:35:48] [main/TRACE] [REI] [REIPlugin START] Reloading Section: "pre-stage/EntryTypeRegistryImpl/" done in 225.5 μs
[19:35:48] [main/TRACE] [REI] [REIPlugin START] Reloading Section: "pre-stage/EntrySettingsAdapterRegistryImpl/"
[19:35:48] [main/TRACE] [REI] [REIPlugin START] Reloading Section: "pre-stage/EntrySettingsAdapterRegistryImpl/" done in 48.65 μs
[19:35:48] [main/TRACE] [REI] [REIPlugin START] Reloading Section: "pre-stage/RecipeManagerContextImpl/"
[19:35:48] [main/TRACE] [REI] [REIPlugin START] Reloading Section: "pre-stage/RecipeManagerContextImpl/" done in 44.59 μs
[19:35:48] [main/TRACE] [REI] [REIPlugin START] Reloading Section: "pre-stage/ItemComparatorRegistryImpl/"
[19:35:48] [main/TRACE] [REI] [REIPlugin START] Reloading Section: "pre-stage/ItemComparatorRegistryImpl/" done in 55.94 μs
[19:35:48] [main/TRACE] [REI] [REIPlugin START] Reloading Section: "pre-stage/FluidComparatorRegistryImpl/"
[19:35:48] [main/TRACE] [REI] [REIPlugin START] Reloading Section: "pre-stage/FluidComparatorRegistryImpl/" done in 65.57 μs
[19:35:48] [main/TRACE] [REI] [REIPlugin START] Reloading Section: "pre-stage/DisplaySerializerRegistryImpl/"
[19:35:48] [main/TRACE] [REI] [REIPlugin START] Reloading Section: "pre-stage/DisplaySerializerRegistryImpl/" done in 48.28 μs
[19:35:48] [main/TRACE] [REI] [REIPlugin START] Reloading Section: "pre-stage/FluidSupportProviderImpl/"
[19:35:48] [main/TRACE] [REI] [REIPlugin START] Reloading Section: "pre-stage/FluidSupportProviderImpl/" done in 46.12 μs
[19:35:48] [main/TRACE] [REI] [REIPlugin START] Reloading Section: "pre-stage/" done in 1.302 ms
[19:35:48] [main/DEBUG] [REI] ========================================
[19:35:48] [main/DEBUG] [REI] REIPlugin finished pre-reload for START in 16.03 ms.
[19:35:48] [main/DEBUG] [REI] ========================================
[19:35:48] [main/DEBUG] [REI] ========================================
[19:35:48] [main/DEBUG] [REI] REIServerPlugin starting pre-reload for START.
[19:35:48] [main/DEBUG] [REI] Reloadables (2):
[19:35:48] [main/DEBUG] [REI]  - MenuInfoRegistryImpl
[19:35:48] [main/DEBUG] [REI]  - SlotAccessorRegistryImpl
[19:35:48] [main/DEBUG] [REI] Plugins (3):
[19:35:48] [main/DEBUG] [REI]  - (-100.00) DefaultPlugin of DefaultPlugin [roughlyenoughitems]
[19:35:48] [main/DEBUG] [REI]  - (0.00) FabricFluidAPISupportPlugin
[19:35:48] [main/DEBUG] [REI]  - (0.00) DefaultRuntimePlugin of DefaultRuntimePlugin [roughlyenoughitems]
[19:35:48] [main/DEBUG] [REI] ========================================
[19:35:48] [main/TRACE] [REI] [REIServerPlugin START] Reloading Section: "pre-register/"
[19:35:48] [main/TRACE] [REI] [REIServerPlugin START] Reloading Section: "pre-register/DefaultPlugin of DefaultPlugin [roughlyenoughitems]/"
[19:35:48] [main/TRACE] [REI] [REIServerPlugin START] Reloading Section: "pre-register/DefaultPlugin of DefaultPlugin [roughlyenoughitems]/" done in 47.61 μs
[19:35:48] [main/TRACE] [REI] [REIServerPlugin START] Reloading Section: "pre-register/FabricFluidAPISupportPlugin/"
[19:35:48] [main/TRACE] [REI] [REIServerPlugin START] Reloading Section: "pre-register/FabricFluidAPISupportPlugin/" done in 67.42 μs
[19:35:48] [main/TRACE] [REI] [REIServerPlugin START] Reloading Section: "pre-register/DefaultRuntimePlugin of DefaultRuntimePlugin [roughlyenoughitems]/"
[19:35:48] [main/TRACE] [REI] [REIServerPlugin START] Reloading Section: "pre-register/DefaultRuntimePlugin of DefaultRuntimePlugin [roughlyenoughitems]/" done in 50.93 μs
[19:35:48] [main/TRACE] [REI] [REIServerPlugin START] Reloading Section: "pre-register/" done in 548.9 μs
[19:35:48] [main/TRACE] [REI] [REIServerPlugin START] Reloading Section: "pre-stage/"
[19:35:48] [main/TRACE] [REI] [REIServerPlugin START] Reloading Section: "pre-stage/MenuInfoRegistryImpl/"
[19:35:48] [main/TRACE] [REI] [REIServerPlugin START] Reloading Section: "pre-stage/MenuInfoRegistryImpl/" done in 42.41 μs
[19:35:48] [main/TRACE] [REI] [REIServerPlugin START] Reloading Section: "pre-stage/SlotAccessorRegistryImpl/"
[19:35:48] [main/TRACE] [REI] [REIServerPlugin START] Reloading Section: "pre-stage/SlotAccessorRegistryImpl/" done in 46.78 μs
[19:35:48] [main/TRACE] [REI] [REIServerPlugin START] Reloading Section: "pre-stage/" done in 307.6 μs
[19:35:48] [main/DEBUG] [REI] ========================================
[19:35:48] [main/DEBUG] [REI] REIServerPlugin finished pre-reload for START in 1.039 ms.
[19:35:48] [main/DEBUG] [REI] ========================================
[19:35:48] [main/INFO] [REI] ****************************************
[19:35:48] [main/INFO] [REI] REIPlugin starting main-reload for START.
[19:35:48] [main/DEBUG] [REI] Reloadables (7):
[19:35:48] [main/DEBUG] [REI]  - EntryTypeRegistryImpl
[19:35:48] [main/DEBUG] [REI]  - EntrySettingsAdapterRegistryImpl
[19:35:48] [main/DEBUG] [REI]  - RecipeManagerContextImpl
[19:35:48] [main/DEBUG] [REI]  - ItemComparatorRegistryImpl
[19:35:48] [main/DEBUG] [REI]  - FluidComparatorRegistryImpl
[19:35:48] [main/DEBUG] [REI]  - DisplaySerializerRegistryImpl
[19:35:48] [main/DEBUG] [REI]  - FluidSupportProviderImpl
[19:35:48] [main/INFO] [REI] Plugins (3):
[19:35:48] [main/INFO] [REI]  - (-100.00) DefaultPlugin of DefaultPlugin [roughlyenoughitems]
[19:35:48] [main/INFO] [REI]  - (0.00) FabricFluidAPISupportPlugin
[19:35:48] [main/INFO] [REI]  - (0.00) DefaultRuntimePlugin of DefaultRuntimePlugin [roughlyenoughitems]
[19:35:48] [main/INFO] [REI] ****************************************
[19:35:48] [main/TRACE] [REI] [REIPlugin START] Reloading Section: "start-reload/"
[19:35:48] [main/TRACE] [REI] [REIPlugin START] Reloading Section: "start-reload/EntryTypeRegistryImpl/"
[19:35:48] [main/TRACE] [REI] [REIPlugin START] Reloading Section: "start-reload/EntryTypeRegistryImpl/" done in 86.89 μs
[19:35:48] [main/TRACE] [REI] [REIPlugin START] Reloading Section: "start-reload/EntrySettingsAdapterRegistryImpl/"
[19:35:48] [main/TRACE] [REI] [REIPlugin START] Reloading Section: "start-reload/EntrySettingsAdapterRegistryImpl/" done in 46.03 μs
[19:35:48] [main/TRACE] [REI] [REIPlugin START] Reloading Section: "start-reload/RecipeManagerContextImpl/"
[19:35:48] [main/TRACE] [REI] [REIPlugin START] Reloading Section: "start-reload/RecipeManagerContextImpl/" done in 46.06 μs
[19:35:48] [main/TRACE] [REI] [REIPlugin START] Reloading Section: "start-reload/ItemComparatorRegistryImpl/"
[19:35:48] [main/TRACE] [REI] [REIPlugin START] Reloading Section: "start-reload/ItemComparatorRegistryImpl/" done in 66.39 μs
[19:35:48] [main/TRACE] [REI] [REIPlugin START] Reloading Section: "start-reload/FluidComparatorRegistryImpl/"
[19:35:48] [main/TRACE] [REI] [REIPlugin START] Reloading Section: "start-reload/FluidComparatorRegistryImpl/" done in 42.20 μs
[19:35:48] [main/TRACE] [REI] [REIPlugin START] Reloading Section: "start-reload/DisplaySerializerRegistryImpl/"
[19:35:48] [main/TRACE] [REI] [REIPlugin START] Reloading Section: "start-reload/DisplaySerializerRegistryImpl/" done in 38.99 μs
[19:35:48] [main/TRACE] [REI] [REIPlugin START] Reloading Section: "start-reload/FluidSupportProviderImpl/"
[19:35:48] [main/TRACE] [REI] [REIPlugin START] Reloading Section: "start-reload/FluidSupportProviderImpl/" done in 71.56 μs
[19:35:48] [main/TRACE] [REI] [REIPlugin START] Reloading Section: "start-reload/" done in 1.134 ms
[19:35:48] [main/DEBUG] [REI] ========================================
[19:35:48] [main/DEBUG] [REI] REIPlugin started main-reload for START.
[19:35:48] [main/DEBUG] [REI] ========================================
[19:35:48] [main/TRACE] [REI] [REIPlugin START] Reloading Section: "reloadable-plugin/EntryTypeRegistryImpl/"
[19:35:48] [main/TRACE] [REI] [REIPlugin START] Reloading Section: "reloadable-plugin/EntryTypeRegistryImpl/DefaultPlugin of DefaultPlugin [roughlyenoughitems]/"
[19:35:48] [main/TRACE] [REI] [REIPlugin START] Reloading Section: "reloadable-plugin/EntryTypeRegistryImpl/DefaultPlugin of DefaultPlugin [roughlyenoughitems]/" done in 343.4 μs
[19:35:48] [main/TRACE] [REI] [REIPlugin START] Reloading Section: "reloadable-plugin/EntryTypeRegistryImpl/FabricFluidAPISupportPlugin/"
[19:35:48] [main/TRACE] [REI] [REIPlugin START] Reloading Section: "reloadable-plugin/EntryTypeRegistryImpl/FabricFluidAPISupportPlugin/" done in 52.47 μs
[19:35:48] [main/TRACE] [REI] [REIPlugin START] Reloading Section: "reloadable-plugin/EntryTypeRegistryImpl/DefaultRuntimePlugin of DefaultRuntimePlugin [roughlyenoughitems]/"
[19:35:48] [main/TRACE] [REI] [REIPlugin START] Reloading Section: "reloadable-plugin/EntryTypeRegistryImpl/DefaultRuntimePlugin of DefaultRuntimePlugin [roughlyenoughitems]/" done in 17.10 ms
[19:35:48] [main/TRACE] [REI] [REIPlugin START] Reloading Section: "reloadable-plugin/EntryTypeRegistryImpl/" done in 18.69 ms
[19:35:48] [main/TRACE] [REI] [REIPlugin START] Reloading Section: "reloadable-plugin/EntrySettingsAdapterRegistryImpl/"
[19:35:48] [main/TRACE] [REI] [REIPlugin START] Reloading Section: "reloadable-plugin/EntrySettingsAdapterRegistryImpl/DefaultPlugin of DefaultPlugin [roughlyenoughitems]/"
[19:35:48] [main/TRACE] [REI] [REIPlugin START] Reloading Section: "reloadable-plugin/EntrySettingsAdapterRegistryImpl/DefaultPlugin of DefaultPlugin [roughlyenoughitems]/" done in 64.05 μs
[19:35:48] [main/TRACE] [REI] [REIPlugin START] Reloading Section: "reloadable-plugin/EntrySettingsAdapterRegistryImpl/FabricFluidAPISupportPlugin/"
[19:35:48] [main/TRACE] [REI] [REIPlugin START] Reloading Section: "reloadable-plugin/EntrySettingsAdapterRegistryImpl/FabricFluidAPISupportPlugin/" done in 56.44 μs
[19:35:48] [main/TRACE] [REI] [REIPlugin START] Reloading Section: "reloadable-plugin/EntrySettingsAdapterRegistryImpl/DefaultRuntimePlugin of DefaultRuntimePlugin [roughlyenoughitems]/"
[19:35:48] [main/TRACE] [REI] [REIPlugin START] Reloading Section: "reloadable-plugin/EntrySettingsAdapterRegistryImpl/DefaultRuntimePlugin of DefaultRuntimePlugin [roughlyenoughitems]/" done in 66.70 μs
[19:35:48] [main/TRACE] [REI] [REIPlugin START] Reloading Section: "reloadable-plugin/EntrySettingsAdapterRegistryImpl/" done in 598.8 μs
[19:35:48] [main/TRACE] [REI] [REIPlugin START] Reloading Section: "reloadable-plugin/RecipeManagerContextImpl/"
[19:35:48] [main/TRACE] [REI] [REIPlugin START] Reloading Section: "reloadable-plugin/RecipeManagerContextImpl/DefaultPlugin of DefaultPlugin [roughlyenoughitems]/"
[19:35:48] [main/TRACE] [REI] [REIPlugin START] Reloading Section: "reloadable-plugin/RecipeManagerContextImpl/DefaultPlugin of DefaultPlugin [roughlyenoughitems]/" done in 43.04 μs
[19:35:48] [main/TRACE] [REI] [REIPlugin START] Reloading Section: "reloadable-plugin/RecipeManagerContextImpl/FabricFluidAPISupportPlugin/"
[19:35:48] [main/TRACE] [REI] [REIPlugin START] Reloading Section: "reloadable-plugin/RecipeManagerContextImpl/FabricFluidAPISupportPlugin/" done in 38.38 μs
[19:35:48] [main/TRACE] [REI] [REIPlugin START] Reloading Section: "reloadable-plugin/RecipeManagerContextImpl/DefaultRuntimePlugin of DefaultRuntimePlugin [roughlyenoughitems]/"
[19:35:48] [main/TRACE] [REI] [REIPlugin START] Reloading Section: "reloadable-plugin/RecipeManagerContextImpl/DefaultRuntimePlugin of DefaultRuntimePlugin [roughlyenoughitems]/" done in 54.26 μs
[19:35:48] [main/TRACE] [REI] [REIPlugin START] Reloading Section: "reloadable-plugin/RecipeManagerContextImpl/" done in 536.5 μs
[19:35:48] [main/TRACE] [REI] [REIPlugin START] Reloading Section: "reloadable-plugin/ItemComparatorRegistryImpl/"
[19:35:48] [main/TRACE] [REI] [REIPlugin START] Reloading Section: "reloadable-plugin/ItemComparatorRegistryImpl/DefaultPlugin of DefaultPlugin [roughlyenoughitems]/"
[19:35:48] [main/TRACE] [REI] [REIPlugin START] Reloading Section: "reloadable-plugin/ItemComparatorRegistryImpl/DefaultPlugin of DefaultPlugin [roughlyenoughitems]/" done in 1.049 ms
[19:35:48] [main/TRACE] [REI] [REIPlugin START] Reloading Section: "reloadable-plugin/ItemComparatorRegistryImpl/FabricFluidAPISupportPlugin/"
[19:35:48] [main/TRACE] [REI] [REIPlugin START] Reloading Section: "reloadable-plugin/ItemComparatorRegistryImpl/FabricFluidAPISupportPlugin/" done in 49.04 μs
[19:35:48] [main/TRACE] [REI] [REIPlugin START] Reloading Section: "reloadable-plugin/ItemComparatorRegistryImpl/DefaultRuntimePlugin of DefaultRuntimePlugin [roughlyenoughitems]/"
[19:35:48] [main/TRACE] [REI] [REIPlugin START] Reloading Section: "reloadable-plugin/ItemComparatorRegistryImpl/DefaultRuntimePlugin of DefaultRuntimePlugin [roughlyenoughitems]/" done in 47.44 μs
[19:35:48] [main/TRACE] [REI] [REIPlugin START] Reloading Section: "reloadable-plugin/ItemComparatorRegistryImpl/" done in 1.462 ms
[19:35:48] [main/TRACE] [REI] [REIPlugin START] Reloading Section: "reloadable-plugin/FluidComparatorRegistryImpl/"
[19:35:48] [main/TRACE] [REI] [REIPlugin START] Reloading Section: "reloadable-plugin/FluidComparatorRegistryImpl/DefaultPlugin of DefaultPlugin [roughlyenoughitems]/"
[19:35:48] [main/TRACE] [REI] [REIPlugin START] Reloading Section: "reloadable-plugin/FluidComparatorRegistryImpl/DefaultPlugin of DefaultPlugin [roughlyenoughitems]/" done in 58.11 μs
[19:35:48] [main/TRACE] [REI] [REIPlugin START] Reloading Section: "reloadable-plugin/FluidComparatorRegistryImpl/FabricFluidAPISupportPlugin/"
[19:35:48] [main/TRACE] [REI] [REIPlugin START] Reloading Section: "reloadable-plugin/FluidComparatorRegistryImpl/FabricFluidAPISupportPlugin/" done in 45.55 μs
[19:35:48] [main/TRACE] [REI] [REIPlugin START] Reloading Section: "reloadable-plugin/FluidComparatorRegistryImpl/DefaultRuntimePlugin of DefaultRuntimePlugin [roughlyenoughitems]/"
[19:35:48] [main/TRACE] [REI] [REIPlugin START] Reloading Section: "reloadable-plugin/FluidComparatorRegistryImpl/DefaultRuntimePlugin of DefaultRuntimePlugin [roughlyenoughitems]/" done in 46.00 μs
[19:35:48] [main/TRACE] [REI] [REIPlugin START] Reloading Section: "reloadable-plugin/FluidComparatorRegistryImpl/" done in 472.6 μs
[19:35:48] [main/TRACE] [REI] [REIPlugin START] Reloading Section: "reloadable-plugin/DisplaySerializerRegistryImpl/"
[19:35:48] [main/TRACE] [REI] [REIPlugin START] Reloading Section: "reloadable-plugin/DisplaySerializerRegistryImpl/DefaultPlugin of DefaultPlugin [roughlyenoughitems]/"
[19:35:48] [main/TRACE] [REI] [REIPlugin START] Reloading Section: "reloadable-plugin/DisplaySerializerRegistryImpl/DefaultPlugin of DefaultPlugin [roughlyenoughitems]/" done in 41.63 μs
[19:35:48] [main/TRACE] [REI] [REIPlugin START] Reloading Section: "reloadable-plugin/DisplaySerializerRegistryImpl/FabricFluidAPISupportPlugin/"
[19:35:48] [main/TRACE] [REI] [REIPlugin START] Reloading Section: "reloadable-plugin/DisplaySerializerRegistryImpl/FabricFluidAPISupportPlugin/" done in 52.17 μs
[19:35:48] [main/TRACE] [REI] [REIPlugin START] Reloading Section: "reloadable-plugin/DisplaySerializerRegistryImpl/DefaultRuntimePlugin of DefaultRuntimePlugin [roughlyenoughitems]/"
[19:35:48] [main/TRACE] [REI] [REIPlugin START] Reloading Section: "reloadable-plugin/DisplaySerializerRegistryImpl/DefaultRuntimePlugin of DefaultRuntimePlugin [roughlyenoughitems]/" done in 48.57 μs
[19:35:48] [main/TRACE] [REI] [REIPlugin START] Reloading Section: "reloadable-plugin/DisplaySerializerRegistryImpl/" done in 547.3 μs
[19:35:48] [main/TRACE] [REI] [REIPlugin START] Reloading Section: "reloadable-plugin/FluidSupportProviderImpl/"
[19:35:48] [main/TRACE] [REI] [REIPlugin START] Reloading Section: "reloadable-plugin/FluidSupportProviderImpl/DefaultPlugin of DefaultPlugin [roughlyenoughitems]/"
[19:35:48] [main/TRACE] [REI] [REIPlugin START] Reloading Section: "reloadable-plugin/FluidSupportProviderImpl/DefaultPlugin of DefaultPlugin [roughlyenoughitems]/" done in 377.1 μs
[19:35:48] [main/TRACE] [REI] [REIPlugin START] Reloading Section: "reloadable-plugin/FluidSupportProviderImpl/FabricFluidAPISupportPlugin/"
[19:35:48] [main/TRACE] [REI] [REIPlugin START] Reloading Section: "reloadable-plugin/FluidSupportProviderImpl/FabricFluidAPISupportPlugin/" done in 187.8 μs
[19:35:48] [main/TRACE] [REI] [REIPlugin START] Reloading Section: "reloadable-plugin/FluidSupportProviderImpl/DefaultRuntimePlugin of DefaultRuntimePlugin [roughlyenoughitems]/"
[19:35:48] [main/TRACE] [REI] [REIPlugin START] Reloading Section: "reloadable-plugin/FluidSupportProviderImpl/DefaultRuntimePlugin of DefaultRuntimePlugin [roughlyenoughitems]/" done in 55.99 μs
[19:35:48] [main/TRACE] [REI] [REIPlugin START] Reloading Section: "reloadable-plugin/FluidSupportProviderImpl/" done in 989.0 μs
[19:35:48] [main/DEBUG] [REI] ========================================
[19:35:48] [main/DEBUG] [REI] REIPlugin ending main-reload for START.
[19:35:48] [main/DEBUG] [REI] ========================================
[19:35:48] [main/TRACE] [REI] [REIPlugin START] Reloading Section: "end-reload/"
[19:35:48] [main/TRACE] [REI] [REIPlugin START] Reloading Section: "end-reload/EntryTypeRegistryImpl/"
[19:35:48] [main/TRACE] [REI] [REIPlugin START] Reloading Section: "end-reload/EntryTypeRegistryImpl/" done in 59.19 μs
[19:35:48] [main/TRACE] [REI] [REIPlugin START] Reloading Section: "end-reload/EntrySettingsAdapterRegistryImpl/"
[19:35:48] [main/TRACE] [REI] [REIPlugin START] Reloading Section: "end-reload/EntrySettingsAdapterRegistryImpl/" done in 41.66 μs
[19:35:48] [main/TRACE] [REI] [REIPlugin START] Reloading Section: "end-reload/RecipeManagerContextImpl/"
[19:35:48] [main/TRACE] [REI] [REIPlugin START] Reloading Section: "end-reload/RecipeManagerContextImpl/" done in 36.70 μs
[19:35:48] [main/TRACE] [REI] [REIPlugin START] Reloading Section: "end-reload/ItemComparatorRegistryImpl/"
[19:35:48] [main/TRACE] [REI] [REIPlugin START] Reloading Section: "end-reload/ItemComparatorRegistryImpl/" done in 64.15 μs
[19:35:48] [main/TRACE] [REI] [REIPlugin START] Reloading Section: "end-reload/FluidComparatorRegistryImpl/"
[19:35:48] [main/TRACE] [REI] [REIPlugin START] Reloading Section: "end-reload/FluidComparatorRegistryImpl/" done in 38.71 μs
[19:35:48] [main/TRACE] [REI] [REIPlugin START] Reloading Section: "end-reload/DisplaySerializerRegistryImpl/"
[19:35:48] [main/TRACE] [REI] [REIPlugin START] Reloading Section: "end-reload/DisplaySerializerRegistryImpl/" done in 47.95 μs
[19:35:48] [main/TRACE] [REI] [REIPlugin START] Reloading Section: "end-reload/FluidSupportProviderImpl/"
[19:35:48] [main/TRACE] [REI] [REIPlugin START] Reloading Section: "end-reload/FluidSupportProviderImpl/" done in 67.09 μs
[19:35:48] [main/TRACE] [REI] [REIPlugin START] Reloading Section: "end-reload/" done in 1.062 ms
[19:35:48] [main/DEBUG] [REI] ========================================
[19:35:48] [main/DEBUG] [REI] REIPlugin ended main-reload for START in 29.07 ms.
[19:35:48] [main/DEBUG] [REI] ========================================
[19:35:48] [main/INFO] [REI] ****************************************
[19:35:48] [main/INFO] [REI] REIServerPlugin starting main-reload for START.
[19:35:48] [main/DEBUG] [REI] Reloadables (2):
[19:35:48] [main/DEBUG] [REI]  - MenuInfoRegistryImpl
[19:35:48] [main/DEBUG] [REI]  - SlotAccessorRegistryImpl
[19:35:48] [main/INFO] [REI] Plugins (3):
[19:35:48] [main/INFO] [REI]  - (-100.00) DefaultPlugin of DefaultPlugin [roughlyenoughitems]
[19:35:48] [main/INFO] [REI]  - (0.00) FabricFluidAPISupportPlugin
[19:35:48] [main/INFO] [REI]  - (0.00) DefaultRuntimePlugin of DefaultRuntimePlugin [roughlyenoughitems]
[19:35:48] [main/INFO] [REI] ****************************************
[19:35:48] [main/TRACE] [REI] [REIServerPlugin START] Reloading Section: "start-reload/"
[19:35:48] [main/TRACE] [REI] [REIServerPlugin START] Reloading Section: "start-reload/MenuInfoRegistryImpl/"
[19:35:48] [main/TRACE] [REI] [REIServerPlugin START] Reloading Section: "start-reload/MenuInfoRegistryImpl/" done in 80.30 μs
[19:35:48] [main/TRACE] [REI] [REIServerPlugin START] Reloading Section: "start-reload/SlotAccessorRegistryImpl/"
[19:35:48] [main/TRACE] [REI] [REIServerPlugin START] Reloading Section: "start-reload/SlotAccessorRegistryImpl/" done in 34.47 μs
[19:35:48] [main/TRACE] [REI] [REIServerPlugin START] Reloading Section: "start-reload/" done in 314.4 μs
[19:35:48] [main/DEBUG] [REI] ========================================
[19:35:48] [main/DEBUG] [REI] REIServerPlugin started main-reload for START.
[19:35:48] [main/DEBUG] [REI] ========================================
[19:35:48] [main/TRACE] [REI] [REIServerPlugin START] Reloading Section: "reloadable-plugin/MenuInfoRegistryImpl/"
[19:35:48] [main/TRACE] [REI] [REIServerPlugin START] Reloading Section: "reloadable-plugin/MenuInfoRegistryImpl/DefaultPlugin of DefaultPlugin [roughlyenoughitems]/"
[19:35:48] [main/TRACE] [REI] [REIServerPlugin START] Reloading Section: "reloadable-plugin/MenuInfoRegistryImpl/DefaultPlugin of DefaultPlugin [roughlyenoughitems]/" done in 187.2 μs
[19:35:48] [main/TRACE] [REI] [REIServerPlugin START] Reloading Section: "reloadable-plugin/MenuInfoRegistryImpl/FabricFluidAPISupportPlugin/"
[19:35:48] [main/TRACE] [REI] [REIServerPlugin START] Reloading Section: "reloadable-plugin/MenuInfoRegistryImpl/FabricFluidAPISupportPlugin/" done in 96.18 μs
[19:35:48] [main/TRACE] [REI] [REIServerPlugin START] Reloading Section: "reloadable-plugin/MenuInfoRegistryImpl/DefaultRuntimePlugin of DefaultRuntimePlugin [roughlyenoughitems]/"
[19:35:48] [main/TRACE] [REI] [REIServerPlugin START] Reloading Section: "reloadable-plugin/MenuInfoRegistryImpl/DefaultRuntimePlugin of DefaultRuntimePlugin [roughlyenoughitems]/" done in 57.99 μs
[19:35:48] [main/TRACE] [REI] [REIServerPlugin START] Reloading Section: "reloadable-plugin/MenuInfoRegistryImpl/" done in 809.2 μs
[19:35:48] [main/TRACE] [REI] [REIServerPlugin START] Reloading Section: "reloadable-plugin/SlotAccessorRegistryImpl/"
[19:35:48] [main/TRACE] [REI] [REIServerPlugin START] Reloading Section: "reloadable-plugin/SlotAccessorRegistryImpl/DefaultPlugin of DefaultPlugin [roughlyenoughitems]/"
[19:35:48] [main/TRACE] [REI] [REIServerPlugin START] Reloading Section: "reloadable-plugin/SlotAccessorRegistryImpl/DefaultPlugin of DefaultPlugin [roughlyenoughitems]/" done in 58.38 μs
[19:35:48] [main/TRACE] [REI] [REIServerPlugin START] Reloading Section: "reloadable-plugin/SlotAccessorRegistryImpl/FabricFluidAPISupportPlugin/"
[19:35:48] [main/TRACE] [REI] [REIServerPlugin START] Reloading Section: "reloadable-plugin/SlotAccessorRegistryImpl/FabricFluidAPISupportPlugin/" done in 62.80 μs
[19:35:48] [main/TRACE] [REI] [REIServerPlugin START] Reloading Section: "reloadable-plugin/SlotAccessorRegistryImpl/DefaultRuntimePlugin of DefaultRuntimePlugin [roughlyenoughitems]/"
[19:35:48] [main/TRACE] [REI] [REIServerPlugin START] Reloading Section: "reloadable-plugin/SlotAccessorRegistryImpl/DefaultRuntimePlugin of DefaultRuntimePlugin [roughlyenoughitems]/" done in 283.3 μs
[19:35:48] [main/TRACE] [REI] [REIServerPlugin START] Reloading Section: "reloadable-plugin/SlotAccessorRegistryImpl/" done in 932.2 μs
[19:35:48] [main/DEBUG] [REI] ========================================
[19:35:48] [main/DEBUG] [REI] REIServerPlugin ending main-reload for START.
[19:35:48] [main/DEBUG] [REI] ========================================
[19:35:48] [main/TRACE] [REI] [REIServerPlugin START] Reloading Section: "end-reload/"
[19:35:48] [main/TRACE] [REI] [REIServerPlugin START] Reloading Section: "end-reload/MenuInfoRegistryImpl/"
[19:35:48] [main/TRACE] [REI] [REIServerPlugin START] Reloading Section: "end-reload/MenuInfoRegistryImpl/" done in 26.56 μs
[19:35:48] [main/TRACE] [REI] [REIServerPlugin START] Reloading Section: "end-reload/SlotAccessorRegistryImpl/"
[19:35:48] [main/TRACE] [REI] [REIServerPlugin START] Reloading Section: "end-reload/SlotAccessorRegistryImpl/" done in 53.09 μs
[19:35:48] [main/TRACE] [REI] [REIServerPlugin START] Reloading Section: "end-reload/" done in 362.1 μs
[19:35:48] [main/DEBUG] [REI] ========================================
[19:35:48] [main/DEBUG] [REI] REIServerPlugin ended main-reload for START in 3.502 ms.
[19:35:48] [main/DEBUG] [REI] ========================================
[19:35:48] [main/DEBUG] [REI] ========================================
[19:35:48] [main/DEBUG] [REI] REIPlugin starting post-reload for START.
[19:35:48] [main/DEBUG] [REI] Reloadables (7):
[19:35:48] [main/DEBUG] [REI]  - EntryTypeRegistryImpl
[19:35:48] [main/DEBUG] [REI]  - EntrySettingsAdapterRegistryImpl
[19:35:48] [main/DEBUG] [REI]  - RecipeManagerContextImpl
[19:35:48] [main/DEBUG] [REI]  - ItemComparatorRegistryImpl
[19:35:48] [main/DEBUG] [REI]  - FluidComparatorRegistryImpl
[19:35:48] [main/DEBUG] [REI]  - DisplaySerializerRegistryImpl
[19:35:48] [main/DEBUG] [REI]  - FluidSupportProviderImpl
[19:35:48] [main/DEBUG] [REI] Plugins (3):
[19:35:48] [main/DEBUG] [REI]  - (-100.00) DefaultPlugin of DefaultPlugin [roughlyenoughitems]
[19:35:48] [main/DEBUG] [REI]  - (0.00) FabricFluidAPISupportPlugin
[19:35:48] [main/DEBUG] [REI]  - (0.00) DefaultRuntimePlugin of DefaultRuntimePlugin [roughlyenoughitems]
[19:35:48] [main/DEBUG] [REI] ========================================
[19:35:48] [main/TRACE] [REI] [REIPlugin START] Reloading Section: "post-register/"
[19:35:48] [main/TRACE] [REI] [REIPlugin START] Reloading Section: "post-register/DefaultPlugin of DefaultPlugin [roughlyenoughitems]/"
[19:35:48] [main/TRACE] [REI] [REIPlugin START] Reloading Section: "post-register/DefaultPlugin of DefaultPlugin [roughlyenoughitems]/" done in 249.4 μs
[19:35:48] [main/TRACE] [REI] [REIPlugin START] Reloading Section: "post-register/FabricFluidAPISupportPlugin/"
[19:35:48] [main/TRACE] [REI] [REIPlugin START] Reloading Section: "post-register/FabricFluidAPISupportPlugin/" done in 54.15 μs
[19:35:48] [main/TRACE] [REI] [REIPlugin START] Reloading Section: "post-register/DefaultRuntimePlugin of DefaultRuntimePlugin [roughlyenoughitems]/"
[19:35:48] [main/TRACE] [REI] [REIPlugin START] Reloading Section: "post-register/DefaultRuntimePlugin of DefaultRuntimePlugin [roughlyenoughitems]/" done in 56.54 μs
[19:35:48] [main/TRACE] [REI] [REIPlugin START] Reloading Section: "post-register/" done in 982.7 μs
[19:35:48] [main/TRACE] [REI] [REIPlugin START] Reloading Section: "post-stage/"
[19:35:48] [main/TRACE] [REI] [REIPlugin START] Reloading Section: "post-stage/EntryTypeRegistryImpl/"
[19:35:48] [main/TRACE] [REI] [REIPlugin START] Reloading Section: "post-stage/EntryTypeRegistryImpl/" done in 68.63 μs
[19:35:48] [main/TRACE] [REI] [REIPlugin START] Reloading Section: "post-stage/EntrySettingsAdapterRegistryImpl/"
[19:35:48] [main/TRACE] [REI] [REIPlugin START] Reloading Section: "post-stage/EntrySettingsAdapterRegistryImpl/" done in 44.63 μs
[19:35:48] [main/TRACE] [REI] [REIPlugin START] Reloading Section: "post-stage/RecipeManagerContextImpl/"
[19:35:48] [main/TRACE] [REI] [REIPlugin START] Reloading Section: "post-stage/RecipeManagerContextImpl/" done in 42.52 μs
[19:35:48] [main/TRACE] [REI] [REIPlugin START] Reloading Section: "post-stage/ItemComparatorRegistryImpl/"
[19:35:48] [main/TRACE] [REI] [REIPlugin START] Reloading Section: "post-stage/ItemComparatorRegistryImpl/" done in 47.05 μs
[19:35:48] [main/TRACE] [REI] [REIPlugin START] Reloading Section: "post-stage/FluidComparatorRegistryImpl/"
[19:35:48] [main/TRACE] [REI] [REIPlugin START] Reloading Section: "post-stage/FluidComparatorRegistryImpl/" done in 70.30 μs
[19:35:48] [main/TRACE] [REI] [REIPlugin START] Reloading Section: "post-stage/DisplaySerializerRegistryImpl/"
[19:35:48] [main/TRACE] [REI] [REIPlugin START] Reloading Section: "post-stage/DisplaySerializerRegistryImpl/" done in 50.53 μs
[19:35:48] [main/TRACE] [REI] [REIPlugin START] Reloading Section: "post-stage/FluidSupportProviderImpl/"
[19:35:48] [main/TRACE] [REI] [REIPlugin START] Reloading Section: "post-stage/FluidSupportProviderImpl/" done in 48.82 μs
[19:35:48] [main/TRACE] [REI] [REIPlugin START] Reloading Section: "post-stage/" done in 1.346 ms
[19:35:48] [main/DEBUG] [REI] ========================================
[19:35:48] [main/INFO] [REI] REIPlugin finished post-reload for START in 2.496 ms, totaling 47.57 ms.
[19:35:48] [main/DEBUG] [REI] ========================================
[19:35:48] [main/DEBUG] [REI] ========================================
[19:35:48] [main/DEBUG] [REI] REIServerPlugin starting post-reload for START.
[19:35:48] [main/DEBUG] [REI] Reloadables (2):
[19:35:48] [main/DEBUG] [REI]  - MenuInfoRegistryImpl
[19:35:48] [main/DEBUG] [REI]  - SlotAccessorRegistryImpl
[19:35:48] [main/DEBUG] [REI] Plugins (3):
[19:35:48] [main/DEBUG] [REI]  - (-100.00) DefaultPlugin of DefaultPlugin [roughlyenoughitems]
[19:35:48] [main/DEBUG] [REI]  - (0.00) FabricFluidAPISupportPlugin
[19:35:48] [main/DEBUG] [REI]  - (0.00) DefaultRuntimePlugin of DefaultRuntimePlugin [roughlyenoughitems]
[19:35:48] [main/DEBUG] [REI] ========================================
[19:35:48] [main/TRACE] [REI] [REIServerPlugin START] Reloading Section: "post-register/"
[19:35:48] [main/TRACE] [REI] [REIServerPlugin START] Reloading Section: "post-register/DefaultPlugin of DefaultPlugin [roughlyenoughitems]/"
[19:35:48] [main/TRACE] [REI] [REIServerPlugin START] Reloading Section: "post-register/DefaultPlugin of DefaultPlugin [roughlyenoughitems]/" done in 31.79 μs
[19:35:48] [main/TRACE] [REI] [REIServerPlugin START] Reloading Section: "post-register/FabricFluidAPISupportPlugin/"
[19:35:48] [main/TRACE] [REI] [REIServerPlugin START] Reloading Section: "post-register/FabricFluidAPISupportPlugin/" done in 69.65 μs
[19:35:48] [main/TRACE] [REI] [REIServerPlugin START] Reloading Section: "post-register/DefaultRuntimePlugin of DefaultRuntimePlugin [roughlyenoughitems]/"
[19:35:48] [main/TRACE] [REI] [REIServerPlugin START] Reloading Section: "post-register/DefaultRuntimePlugin of DefaultRuntimePlugin [roughlyenoughitems]/" done in 39.68 μs
[19:35:48] [main/TRACE] [REI] [REIServerPlugin START] Reloading Section: "post-register/" done in 415.9 μs
[19:35:48] [main/TRACE] [REI] [REIServerPlugin START] Reloading Section: "post-stage/"
[19:35:48] [main/TRACE] [REI] [REIServerPlugin START] Reloading Section: "post-stage/MenuInfoRegistryImpl/"
[19:35:48] [main/TRACE] [REI] [REIServerPlugin START] Reloading Section: "post-stage/MenuInfoRegistryImpl/" done in 30.39 μs
[19:35:48] [main/TRACE] [REI] [REIServerPlugin START] Reloading Section: "post-stage/SlotAccessorRegistryImpl/"
[19:35:48] [main/TRACE] [REI] [REIServerPlugin START] Reloading Section: "post-stage/SlotAccessorRegistryImpl/" done in 29.08 μs
[19:35:48] [main/TRACE] [REI] [REIServerPlugin START] Reloading Section: "post-stage/" done in 224.4 μs
[19:35:48] [main/DEBUG] [REI] ========================================
[19:35:48] [main/INFO] [REI] REIServerPlugin finished post-reload for START in 751.7 μs, totaling 5.257 ms.
[19:35:48] [main/DEBUG] [REI] ========================================
[19:35:48] [main/DEBUG] [REI] ========================================
[19:35:48] [main/DEBUG] [REI] REIPlugin starting pre-reload for END.
[19:35:48] [main/DEBUG] [REI] Reloadables (7):
[19:35:48] [main/DEBUG] [REI]  - EntryTypeRegistryImpl
[19:35:48] [main/DEBUG] [REI]  - EntrySettingsAdapterRegistryImpl
[19:35:48] [main/DEBUG] [REI]  - RecipeManagerContextImpl
[19:35:48] [main/DEBUG] [REI]  - ItemComparatorRegistryImpl
[19:35:48] [main/DEBUG] [REI]  - FluidComparatorRegistryImpl
[19:35:48] [main/DEBUG] [REI]  - DisplaySerializerRegistryImpl
[19:35:48] [main/DEBUG] [REI]  - FluidSupportProviderImpl
[19:35:48] [main/DEBUG] [REI] Plugins (3):
[19:35:48] [main/DEBUG] [REI]  - (-100.00) DefaultPlugin of DefaultPlugin [roughlyenoughitems]
[19:35:48] [main/DEBUG] [REI]  - (0.00) FabricFluidAPISupportPlugin
[19:35:48] [main/DEBUG] [REI]  - (0.00) DefaultRuntimePlugin of DefaultRuntimePlugin [roughlyenoughitems]
[19:35:48] [main/DEBUG] [REI] ========================================
[19:35:48] [main/TRACE] [REI] [REIPlugin END] Reloading Section: "pre-register/"
[19:35:48] [main/TRACE] [REI] [REIPlugin END] Reloading Section: "pre-register/DefaultPlugin of DefaultPlugin [roughlyenoughitems]/"
[19:35:48] [main/TRACE] [REI] [REIPlugin END] Reloading Section: "pre-register/DefaultPlugin of DefaultPlugin [roughlyenoughitems]/" done in 358.4 μs
[19:35:48] [main/TRACE] [REI] [REIPlugin END] Reloading Section: "pre-register/FabricFluidAPISupportPlugin/"
[19:35:48] [main/TRACE] [REI] [REIPlugin END] Reloading Section: "pre-register/FabricFluidAPISupportPlugin/" done in 115.8 μs
[19:35:48] [main/TRACE] [REI] [REIPlugin END] Reloading Section: "pre-register/DefaultRuntimePlugin of DefaultRuntimePlugin [roughlyenoughitems]/"
[19:35:48] [main/TRACE] [REI] [REIPlugin END] Reloading Section: "pre-register/DefaultRuntimePlugin of DefaultRuntimePlugin [roughlyenoughitems]/" done in 194.6 μs
[19:35:48] [main/TRACE] [REI] [REIPlugin END] Reloading Section: "pre-register/" done in 4.891 ms
[19:35:48] [main/TRACE] [REI] [REIPlugin END] Reloading Section: "pre-stage/"
[19:35:48] [main/TRACE] [REI] [REIPlugin END] Reloading Section: "pre-stage/EntryTypeRegistryImpl/"
[19:35:48] [main/TRACE] [REI] [REIPlugin END] Reloading Section: "pre-stage/EntryTypeRegistryImpl/" done in 63.33 μs
[19:35:48] [main/TRACE] [REI] [REIPlugin END] Reloading Section: "pre-stage/EntrySettingsAdapterRegistryImpl/"
[19:35:48] [main/TRACE] [REI] [REIPlugin END] Reloading Section: "pre-stage/EntrySettingsAdapterRegistryImpl/" done in 150.3 μs
[19:35:48] [main/TRACE] [REI] [REIPlugin END] Reloading Section: "pre-stage/RecipeManagerContextImpl/"
[19:35:48] [main/TRACE] [REI] [REIPlugin END] Reloading Section: "pre-stage/RecipeManagerContextImpl/" done in 69.17 μs
[19:35:48] [main/TRACE] [REI] [REIPlugin END] Reloading Section: "pre-stage/ItemComparatorRegistryImpl/"
[19:35:48] [main/TRACE] [REI] [REIPlugin END] Reloading Section: "pre-stage/ItemComparatorRegistryImpl/" done in 76.64 μs
[19:35:48] [main/TRACE] [REI] [REIPlugin END] Reloading Section: "pre-stage/FluidComparatorRegistryImpl/"
[19:35:48] [main/TRACE] [REI] [REIPlugin END] Reloading Section: "pre-stage/FluidComparatorRegistryImpl/" done in 174.6 μs
[19:35:48] [main/TRACE] [REI] [REIPlugin END] Reloading Section: "pre-stage/DisplaySerializerRegistryImpl/"
[19:35:48] [main/TRACE] [REI] [REIPlugin END] Reloading Section: "pre-stage/DisplaySerializerRegistryImpl/" done in 63.08 μs
[19:35:48] [main/TRACE] [REI] [REIPlugin END] Reloading Section: "pre-stage/FluidSupportProviderImpl/"
[19:35:48] [main/TRACE] [REI] [REIPlugin END] Reloading Section: "pre-stage/FluidSupportProviderImpl/" done in 69.65 μs
[19:35:48] [main/TRACE] [REI] [REIPlugin END] Reloading Section: "pre-stage/" done in 2.240 ms
[19:35:48] [main/DEBUG] [REI] ========================================
[19:35:48] [main/DEBUG] [REI] REIPlugin finished pre-reload for END in 7.565 ms.
[19:35:48] [main/DEBUG] [REI] ========================================
[19:35:48] [main/DEBUG] [REI] ========================================
[19:35:48] [main/DEBUG] [REI] REIServerPlugin starting pre-reload for END.
[19:35:48] [main/DEBUG] [REI] Reloadables (2):
[19:35:48] [main/DEBUG] [REI]  - MenuInfoRegistryImpl
[19:35:48] [main/DEBUG] [REI]  - SlotAccessorRegistryImpl
[19:35:48] [main/DEBUG] [REI] Plugins (3):
[19:35:48] [main/DEBUG] [REI]  - (-100.00) DefaultPlugin of DefaultPlugin [roughlyenoughitems]
[19:35:48] [main/DEBUG] [REI]  - (0.00) FabricFluidAPISupportPlugin
[19:35:48] [main/DEBUG] [REI]  - (0.00) DefaultRuntimePlugin of DefaultRuntimePlugin [roughlyenoughitems]
[19:35:48] [main/DEBUG] [REI] ========================================
[19:35:48] [main/TRACE] [REI] [REIServerPlugin END] Reloading Section: "pre-register/"
[19:35:48] [main/TRACE] [REI] [REIServerPlugin END] Reloading Section: "pre-register/DefaultPlugin of DefaultPlugin [roughlyenoughitems]/"
[19:35:48] [main/TRACE] [REI] [REIServerPlugin END] Reloading Section: "pre-register/DefaultPlugin of DefaultPlugin [roughlyenoughitems]/" done in 143.7 μs
[19:35:48] [main/TRACE] [REI] [REIServerPlugin END] Reloading Section: "pre-register/FabricFluidAPISupportPlugin/"
[19:35:48] [main/TRACE] [REI] [REIServerPlugin END] Reloading Section: "pre-register/FabricFluidAPISupportPlugin/" done in 53.58 μs
[19:35:48] [main/TRACE] [REI] [REIServerPlugin END] Reloading Section: "pre-register/DefaultRuntimePlugin of DefaultRuntimePlugin [roughlyenoughitems]/"
[19:35:48] [main/TRACE] [REI] [REIServerPlugin END] Reloading Section: "pre-register/DefaultRuntimePlugin of DefaultRuntimePlugin [roughlyenoughitems]/" done in 61.27 μs
[19:35:48] [main/TRACE] [REI] [REIServerPlugin END] Reloading Section: "pre-register/" done in 916.5 μs
[19:35:48] [main/TRACE] [REI] [REIServerPlugin END] Reloading Section: "pre-stage/"
[19:35:48] [main/TRACE] [REI] [REIServerPlugin END] Reloading Section: "pre-stage/MenuInfoRegistryImpl/"
[19:35:48] [main/TRACE] [REI] [REIServerPlugin END] Reloading Section: "pre-stage/MenuInfoRegistryImpl/" done in 137.7 μs
[19:35:48] [main/TRACE] [REI] [REIServerPlugin END] Reloading Section: "pre-stage/SlotAccessorRegistryImpl/"
[19:35:48] [main/TRACE] [REI] [REIServerPlugin END] Reloading Section: "pre-stage/SlotAccessorRegistryImpl/" done in 142.8 μs
[19:35:48] [main/TRACE] [REI] [REIServerPlugin END] Reloading Section: "pre-stage/" done in 770.4 μs
[19:35:48] [main/DEBUG] [REI] ========================================
[19:35:48] [main/DEBUG] [REI] REIServerPlugin finished pre-reload for END in 2.034 ms.
[19:35:48] [main/DEBUG] [REI] ========================================
[19:35:48] [main/INFO] [REI] ========================================
[19:35:48] [main/INFO] [REI] REIPlugin starting main-reload for END.
[19:35:48] [main/DEBUG] [REI] Reloadables (7):
[19:35:48] [main/DEBUG] [REI]  - EntryTypeRegistryImpl
[19:35:48] [main/DEBUG] [REI]  - EntrySettingsAdapterRegistryImpl
[19:35:48] [main/DEBUG] [REI]  - RecipeManagerContextImpl
[19:35:48] [main/DEBUG] [REI]  - ItemComparatorRegistryImpl
[19:35:48] [main/DEBUG] [REI]  - FluidComparatorRegistryImpl
[19:35:48] [main/DEBUG] [REI]  - DisplaySerializerRegistryImpl
[19:35:48] [main/DEBUG] [REI]  - FluidSupportProviderImpl
[19:35:48] [main/INFO] [REI] Plugins (3):
[19:35:48] [main/INFO] [REI]  - (-100.00) DefaultPlugin of DefaultPlugin [roughlyenoughitems]
[19:35:48] [main/INFO] [REI]  - (0.00) FabricFluidAPISupportPlugin
[19:35:48] [main/INFO] [REI]  - (0.00) DefaultRuntimePlugin of DefaultRuntimePlugin [roughlyenoughitems]
[19:35:48] [main/INFO] [REI] ========================================
[19:35:48] [main/TRACE] [REI] [REIPlugin END] Reloading Section: "start-reload/"
[19:35:48] [main/TRACE] [REI] [REIPlugin END] Reloading Section: "start-reload/EntryTypeRegistryImpl/"
[19:35:48] [main/TRACE] [REI] [REIPlugin END] Reloading Section: "start-reload/EntryTypeRegistryImpl/" done in 75.12 μs
[19:35:48] [main/TRACE] [REI] [REIPlugin END] Reloading Section: "start-reload/EntrySettingsAdapterRegistryImpl/"
[19:35:48] [main/TRACE] [REI] [REIPlugin END] Reloading Section: "start-reload/EntrySettingsAdapterRegistryImpl/" done in 74.94 μs
[19:35:48] [main/TRACE] [REI] [REIPlugin END] Reloading Section: "start-reload/RecipeManagerContextImpl/"
[19:35:48] [main/TRACE] [REI] [REIPlugin END] Reloading Section: "start-reload/RecipeManagerContextImpl/" done in 60.89 μs
[19:35:48] [main/TRACE] [REI] [REIPlugin END] Reloading Section: "start-reload/ItemComparatorRegistryImpl/"
[19:35:48] [main/TRACE] [REI] [REIPlugin END] Reloading Section: "start-reload/ItemComparatorRegistryImpl/" done in 62.51 μs
[19:35:48] [main/TRACE] [REI] [REIPlugin END] Reloading Section: "start-reload/FluidComparatorRegistryImpl/"
[19:35:48] [main/TRACE] [REI] [REIPlugin END] Reloading Section: "start-reload/FluidComparatorRegistryImpl/" done in 63.78 μs
[19:35:48] [main/TRACE] [REI] [REIPlugin END] Reloading Section: "start-reload/DisplaySerializerRegistryImpl/"
[19:35:48] [main/TRACE] [REI] [REIPlugin END] Reloading Section: "start-reload/DisplaySerializerRegistryImpl/" done in 66.12 μs
[19:35:48] [main/TRACE] [REI] [REIPlugin END] Reloading Section: "start-reload/FluidSupportProviderImpl/"
[19:35:48] [main/TRACE] [REI] [REIPlugin END] Reloading Section: "start-reload/FluidSupportProviderImpl/" done in 60.46 μs
[19:35:48] [main/TRACE] [REI] [REIPlugin END] Reloading Section: "start-reload/" done in 1.458 ms
[19:35:48] [main/DEBUG] [REI] ========================================
[19:35:48] [main/DEBUG] [REI] REIPlugin started main-reload for END.
[19:35:48] [main/DEBUG] [REI] ========================================
[19:35:48] [main/TRACE] [REI] [REIPlugin END] Reloading Section: "reloadable-plugin/EntryTypeRegistryImpl/"
[19:35:48] [main/TRACE] [REI] [REIPlugin END] Reloading Section: "reloadable-plugin/EntryTypeRegistryImpl/DefaultPlugin of DefaultPlugin [roughlyenoughitems]/"
[19:35:48] [main/TRACE] [REI] [REIPlugin END] Reloading Section: "reloadable-plugin/EntryTypeRegistryImpl/DefaultPlugin of DefaultPlugin [roughlyenoughitems]/" done in 69.01 μs
[19:35:48] [main/TRACE] [REI] [REIPlugin END] Reloading Section: "reloadable-plugin/EntryTypeRegistryImpl/FabricFluidAPISupportPlugin/"
[19:35:48] [main/TRACE] [REI] [REIPlugin END] Reloading Section: "reloadable-plugin/EntryTypeRegistryImpl/FabricFluidAPISupportPlugin/" done in 61.48 μs
[19:35:48] [main/TRACE] [REI] [REIPlugin END] Reloading Section: "reloadable-plugin/EntryTypeRegistryImpl/DefaultRuntimePlugin of DefaultRuntimePlugin [roughlyenoughitems]/"
[19:35:48] [main/TRACE] [REI] [REIPlugin END] Reloading Section: "reloadable-plugin/EntryTypeRegistryImpl/DefaultRuntimePlugin of DefaultRuntimePlugin [roughlyenoughitems]/" done in 57.84 μs
[19:35:48] [main/TRACE] [REI] [REIPlugin END] Reloading Section: "reloadable-plugin/EntryTypeRegistryImpl/" done in 606.7 μs
[19:35:48] [main/TRACE] [REI] [REIPlugin END] Reloading Section: "reloadable-plugin/EntrySettingsAdapterRegistryImpl/"
[19:35:48] [main/TRACE] [REI] [REIPlugin END] Reloading Section: "reloadable-plugin/EntrySettingsAdapterRegistryImpl/DefaultPlugin of DefaultPlugin [roughlyenoughitems]/"
[19:35:48] [main/TRACE] [REI] [REIPlugin END] Reloading Section: "reloadable-plugin/EntrySettingsAdapterRegistryImpl/DefaultPlugin of DefaultPlugin [roughlyenoughitems]/" done in 82.14 μs
[19:35:48] [main/TRACE] [REI] [REIPlugin END] Reloading Section: "reloadable-plugin/EntrySettingsAdapterRegistryImpl/FabricFluidAPISupportPlugin/"
[19:35:48] [main/TRACE] [REI] [REIPlugin END] Reloading Section: "reloadable-plugin/EntrySettingsAdapterRegistryImpl/FabricFluidAPISupportPlugin/" done in 62.88 μs
[19:35:48] [main/TRACE] [REI] [REIPlugin END] Reloading Section: "reloadable-plugin/EntrySettingsAdapterRegistryImpl/DefaultRuntimePlugin of DefaultRuntimePlugin [roughlyenoughitems]/"
[19:35:48] [main/TRACE] [REI] [REIPlugin END] Reloading Section: "reloadable-plugin/EntrySettingsAdapterRegistryImpl/DefaultRuntimePlugin of DefaultRuntimePlugin [roughlyenoughitems]/" done in 68.52 μs
[19:35:48] [main/TRACE] [REI] [REIPlugin END] Reloading Section: "reloadable-plugin/EntrySettingsAdapterRegistryImpl/" done in 632.5 μs
[19:35:48] [main/TRACE] [REI] [REIPlugin END] Reloading Section: "reloadable-plugin/RecipeManagerContextImpl/"
[19:35:48] [main/TRACE] [REI] [REIPlugin END] Reloading Section: "reloadable-plugin/RecipeManagerContextImpl/DefaultPlugin of DefaultPlugin [roughlyenoughitems]/"
[19:35:48] [main/TRACE] [REI] [REIPlugin END] Reloading Section: "reloadable-plugin/RecipeManagerContextImpl/DefaultPlugin of DefaultPlugin [roughlyenoughitems]/" done in 58.29 μs
[19:35:48] [main/TRACE] [REI] [REIPlugin END] Reloading Section: "reloadable-plugin/RecipeManagerContextImpl/FabricFluidAPISupportPlugin/"
[19:35:48] [main/TRACE] [REI] [REIPlugin END] Reloading Section: "reloadable-plugin/RecipeManagerContextImpl/FabricFluidAPISupportPlugin/" done in 46.13 μs
[19:35:48] [main/TRACE] [REI] [REIPlugin END] Reloading Section: "reloadable-plugin/RecipeManagerContextImpl/DefaultRuntimePlugin of DefaultRuntimePlugin [roughlyenoughitems]/"
[19:35:48] [main/TRACE] [REI] [REIPlugin END] Reloading Section: "reloadable-plugin/RecipeManagerContextImpl/DefaultRuntimePlugin of DefaultRuntimePlugin [roughlyenoughitems]/" done in 42.96 μs
[19:35:48] [main/TRACE] [REI] [REIPlugin END] Reloading Section: "reloadable-plugin/RecipeManagerContextImpl/" done in 413.5 μs
[19:35:48] [main/TRACE] [REI] [REIPlugin END] Reloading Section: "reloadable-plugin/ItemComparatorRegistryImpl/"
[19:35:48] [main/TRACE] [REI] [REIPlugin END] Reloading Section: "reloadable-plugin/ItemComparatorRegistryImpl/DefaultPlugin of DefaultPlugin [roughlyenoughitems]/"
[19:35:48] [main/TRACE] [REI] [REIPlugin END] Reloading Section: "reloadable-plugin/ItemComparatorRegistryImpl/DefaultPlugin of DefaultPlugin [roughlyenoughitems]/" done in 61.56 μs
[19:35:48] [main/TRACE] [REI] [REIPlugin END] Reloading Section: "reloadable-plugin/ItemComparatorRegistryImpl/FabricFluidAPISupportPlugin/"
[19:35:48] [main/TRACE] [REI] [REIPlugin END] Reloading Section: "reloadable-plugin/ItemComparatorRegistryImpl/FabricFluidAPISupportPlugin/" done in 53.76 μs
[19:35:48] [main/TRACE] [REI] [REIPlugin END] Reloading Section: "reloadable-plugin/ItemComparatorRegistryImpl/DefaultRuntimePlugin of DefaultRuntimePlugin [roughlyenoughitems]/"
[19:35:48] [main/TRACE] [REI] [REIPlugin END] Reloading Section: "reloadable-plugin/ItemComparatorRegistryImpl/DefaultRuntimePlugin of DefaultRuntimePlugin [roughlyenoughitems]/" done in 42.46 μs
[19:35:48] [main/TRACE] [REI] [REIPlugin END] Reloading Section: "reloadable-plugin/ItemComparatorRegistryImpl/" done in 448.4 μs
[19:35:48] [main/TRACE] [REI] [REIPlugin END] Reloading Section: "reloadable-plugin/FluidComparatorRegistryImpl/"
[19:35:48] [main/TRACE] [REI] [REIPlugin END] Reloading Section: "reloadable-plugin/FluidComparatorRegistryImpl/DefaultPlugin of DefaultPlugin [roughlyenoughitems]/"
[19:35:48] [main/TRACE] [REI] [REIPlugin END] Reloading Section: "reloadable-plugin/FluidComparatorRegistryImpl/DefaultPlugin of DefaultPlugin [roughlyenoughitems]/" done in 43.03 μs
[19:35:48] [main/TRACE] [REI] [REIPlugin END] Reloading Section: "reloadable-plugin/FluidComparatorRegistryImpl/FabricFluidAPISupportPlugin/"
[19:35:48] [main/TRACE] [REI] [REIPlugin END] Reloading Section: "reloadable-plugin/FluidComparatorRegistryImpl/FabricFluidAPISupportPlugin/" done in 44.42 μs
[19:35:48] [main/TRACE] [REI] [REIPlugin END] Reloading Section: "reloadable-plugin/FluidComparatorRegistryImpl/DefaultRuntimePlugin of DefaultRuntimePlugin [roughlyenoughitems]/"
[19:35:48] [main/TRACE] [REI] [REIPlugin END] Reloading Section: "reloadable-plugin/FluidComparatorRegistryImpl/DefaultRuntimePlugin of DefaultRuntimePlugin [roughlyenoughitems]/" done in 40.26 μs
[19:35:48] [main/TRACE] [REI] [REIPlugin END] Reloading Section: "reloadable-plugin/FluidComparatorRegistryImpl/" done in 382.0 μs
[19:35:48] [main/TRACE] [REI] [REIPlugin END] Reloading Section: "reloadable-plugin/DisplaySerializerRegistryImpl/"
[19:35:48] [main/TRACE] [REI] [REIPlugin END] Reloading Section: "reloadable-plugin/DisplaySerializerRegistryImpl/DefaultPlugin of DefaultPlugin [roughlyenoughitems]/"
[19:35:48] [main/TRACE] [REI] [REIPlugin END] Reloading Section: "reloadable-plugin/DisplaySerializerRegistryImpl/DefaultPlugin of DefaultPlugin [roughlyenoughitems]/" done in 27.06 ms
[19:35:48] [main/TRACE] [REI] [REIPlugin END] Reloading Section: "reloadable-plugin/DisplaySerializerRegistryImpl/FabricFluidAPISupportPlugin/"
[19:35:48] [main/TRACE] [REI] [REIPlugin END] Reloading Section: "reloadable-plugin/DisplaySerializerRegistryImpl/FabricFluidAPISupportPlugin/" done in 57.86 μs
[19:35:48] [main/TRACE] [REI] [REIPlugin END] Reloading Section: "reloadable-plugin/DisplaySerializerRegistryImpl/DefaultRuntimePlugin of DefaultRuntimePlugin [roughlyenoughitems]/"
[19:35:48] [main/TRACE] [REI] [REIPlugin END] Reloading Section: "reloadable-plugin/DisplaySerializerRegistryImpl/DefaultRuntimePlugin of DefaultRuntimePlugin [roughlyenoughitems]/" done in 33.05 μs
[19:35:48] [main/TRACE] [REI] [REIPlugin END] Reloading Section: "reloadable-plugin/DisplaySerializerRegistryImpl/" done in 27.70 ms
[19:35:48] [main/TRACE] [REI] [REIPlugin END] Reloading Section: "reloadable-plugin/FluidSupportProviderImpl/"
[19:35:48] [main/TRACE] [REI] [REIPlugin END] Reloading Section: "reloadable-plugin/FluidSupportProviderImpl/DefaultPlugin of DefaultPlugin [roughlyenoughitems]/"
[19:35:48] [main/TRACE] [REI] [REIPlugin END] Reloading Section: "reloadable-plugin/FluidSupportProviderImpl/DefaultPlugin of DefaultPlugin [roughlyenoughitems]/" done in 36.89 μs
[19:35:48] [main/TRACE] [REI] [REIPlugin END] Reloading Section: "reloadable-plugin/FluidSupportProviderImpl/FabricFluidAPISupportPlugin/"
[19:35:48] [main/TRACE] [REI] [REIPlugin END] Reloading Section: "reloadable-plugin/FluidSupportProviderImpl/FabricFluidAPISupportPlugin/" done in 33.91 μs
[19:35:48] [main/TRACE] [REI] [REIPlugin END] Reloading Section: "reloadable-plugin/FluidSupportProviderImpl/DefaultRuntimePlugin of DefaultRuntimePlugin [roughlyenoughitems]/"
[19:35:48] [main/TRACE] [REI] [REIPlugin END] Reloading Section: "reloadable-plugin/FluidSupportProviderImpl/DefaultRuntimePlugin of DefaultRuntimePlugin [roughlyenoughitems]/" done in 32.64 μs
[19:35:48] [main/TRACE] [REI] [REIPlugin END] Reloading Section: "reloadable-plugin/FluidSupportProviderImpl/" done in 345.3 μs
[19:35:48] [main/DEBUG] [REI] ========================================
[19:35:48] [main/DEBUG] [REI] REIPlugin ending main-reload for END.
[19:35:48] [main/DEBUG] [REI] ========================================
[19:35:48] [main/TRACE] [REI] [REIPlugin END] Reloading Section: "end-reload/"
[19:35:48] [main/TRACE] [REI] [REIPlugin END] Reloading Section: "end-reload/EntryTypeRegistryImpl/"
[19:35:48] [main/TRACE] [REI] [REIPlugin END] Reloading Section: "end-reload/EntryTypeRegistryImpl/" done in 37.49 μs
[19:35:48] [main/TRACE] [REI] [REIPlugin END] Reloading Section: "end-reload/EntrySettingsAdapterRegistryImpl/"
[19:35:48] [main/TRACE] [REI] [REIPlugin END] Reloading Section: "end-reload/EntrySettingsAdapterRegistryImpl/" done in 27.33 μs
[19:35:48] [main/TRACE] [REI] [REIPlugin END] Reloading Section: "end-reload/RecipeManagerContextImpl/"
[19:35:48] [main/TRACE] [REI] [REIPlugin END] Reloading Section: "end-reload/RecipeManagerContextImpl/" done in 33.19 μs
[19:35:48] [main/TRACE] [REI] [REIPlugin END] Reloading Section: "end-reload/ItemComparatorRegistryImpl/"
[19:35:48] [main/TRACE] [REI] [REIPlugin END] Reloading Section: "end-reload/ItemComparatorRegistryImpl/" done in 30.25 μs
[19:35:48] [main/TRACE] [REI] [REIPlugin END] Reloading Section: "end-reload/FluidComparatorRegistryImpl/"
[19:35:48] [main/TRACE] [REI] [REIPlugin END] Reloading Section: "end-reload/FluidComparatorRegistryImpl/" done in 28.03 μs
[19:35:48] [main/TRACE] [REI] [REIPlugin END] Reloading Section: "end-reload/DisplaySerializerRegistryImpl/"
[19:35:48] [main/TRACE] [REI] [REIPlugin END] Reloading Section: "end-reload/DisplaySerializerRegistryImpl/" done in 24.97 μs
[19:35:48] [main/TRACE] [REI] [REIPlugin END] Reloading Section: "end-reload/FluidSupportProviderImpl/"
[19:35:48] [main/TRACE] [REI] [REIPlugin END] Reloading Section: "end-reload/FluidSupportProviderImpl/" done in 31.10 μs
[19:35:48] [main/TRACE] [REI] [REIPlugin END] Reloading Section: "end-reload/" done in 706.3 μs
[19:35:48] [main/DEBUG] [REI] ========================================
[19:35:48] [main/DEBUG] [REI] REIPlugin ended main-reload for END in 35.38 ms.
[19:35:48] [main/DEBUG] [REI] ========================================
[19:35:48] [main/INFO] [REI] OOOOOOOOOOOOOOOOOOOOOOOOOOOOOOOOOOOOOOOO
[19:35:48] [main/INFO] [REI] REIServerPlugin starting main-reload for END.
[19:35:48] [main/DEBUG] [REI] Reloadables (2):
[19:35:48] [main/DEBUG] [REI]  - MenuInfoRegistryImpl
[19:35:48] [main/DEBUG] [REI]  - SlotAccessorRegistryImpl
[19:35:48] [main/INFO] [REI] Plugins (3):
[19:35:48] [main/INFO] [REI]  - (-100.00) DefaultPlugin of DefaultPlugin [roughlyenoughitems]
[19:35:48] [main/INFO] [REI]  - (0.00) FabricFluidAPISupportPlugin
[19:35:48] [main/INFO] [REI]  - (0.00) DefaultRuntimePlugin of DefaultRuntimePlugin [roughlyenoughitems]
[19:35:48] [main/INFO] [REI] OOOOOOOOOOOOOOOOOOOOOOOOOOOOOOOOOOOOOOOO
[19:35:48] [main/TRACE] [REI] [REIServerPlugin END] Reloading Section: "start-reload/"
[19:35:48] [main/TRACE] [REI] [REIServerPlugin END] Reloading Section: "start-reload/MenuInfoRegistryImpl/"
[19:35:48] [main/TRACE] [REI] [REIServerPlugin END] Reloading Section: "start-reload/MenuInfoRegistryImpl/" done in 45.95 μs
[19:35:48] [main/TRACE] [REI] [REIServerPlugin END] Reloading Section: "start-reload/SlotAccessorRegistryImpl/"
[19:35:48] [main/TRACE] [REI] [REIServerPlugin END] Reloading Section: "start-reload/SlotAccessorRegistryImpl/" done in 38.33 μs
[19:35:48] [main/TRACE] [REI] [REIServerPlugin END] Reloading Section: "start-reload/" done in 241.3 μs
[19:35:48] [main/DEBUG] [REI] ========================================
[19:35:48] [main/DEBUG] [REI] REIServerPlugin started main-reload for END.
[19:35:48] [main/DEBUG] [REI] ========================================
[19:35:48] [main/TRACE] [REI] [REIServerPlugin END] Reloading Section: "reloadable-plugin/MenuInfoRegistryImpl/"
[19:35:48] [main/TRACE] [REI] [REIServerPlugin END] Reloading Section: "reloadable-plugin/MenuInfoRegistryImpl/DefaultPlugin of DefaultPlugin [roughlyenoughitems]/"
[19:35:48] [main/TRACE] [REI] [REIServerPlugin END] Reloading Section: "reloadable-plugin/MenuInfoRegistryImpl/DefaultPlugin of DefaultPlugin [roughlyenoughitems]/" done in 42.92 μs
[19:35:48] [main/TRACE] [REI] [REIServerPlugin END] Reloading Section: "reloadable-plugin/MenuInfoRegistryImpl/FabricFluidAPISupportPlugin/"
[19:35:48] [main/TRACE] [REI] [REIServerPlugin END] Reloading Section: "reloadable-plugin/MenuInfoRegistryImpl/FabricFluidAPISupportPlugin/" done in 34.24 μs
[19:35:48] [main/TRACE] [REI] [REIServerPlugin END] Reloading Section: "reloadable-plugin/MenuInfoRegistryImpl/DefaultRuntimePlugin of DefaultRuntimePlugin [roughlyenoughitems]/"
[19:35:48] [main/TRACE] [REI] [REIServerPlugin END] Reloading Section: "reloadable-plugin/MenuInfoRegistryImpl/DefaultRuntimePlugin of DefaultRuntimePlugin [roughlyenoughitems]/" done in 36.47 μs
[19:35:48] [main/TRACE] [REI] [REIServerPlugin END] Reloading Section: "reloadable-plugin/MenuInfoRegistryImpl/" done in 354.8 μs
[19:35:48] [main/TRACE] [REI] [REIServerPlugin END] Reloading Section: "reloadable-plugin/SlotAccessorRegistryImpl/"
[19:35:48] [main/TRACE] [REI] [REIServerPlugin END] Reloading Section: "reloadable-plugin/SlotAccessorRegistryImpl/DefaultPlugin of DefaultPlugin [roughlyenoughitems]/"
[19:35:48] [main/TRACE] [REI] [REIServerPlugin END] Reloading Section: "reloadable-plugin/SlotAccessorRegistryImpl/DefaultPlugin of DefaultPlugin [roughlyenoughitems]/" done in 44.46 μs
[19:35:48] [main/TRACE] [REI] [REIServerPlugin END] Reloading Section: "reloadable-plugin/SlotAccessorRegistryImpl/FabricFluidAPISupportPlugin/"
[19:35:48] [main/TRACE] [REI] [REIServerPlugin END] Reloading Section: "reloadable-plugin/SlotAccessorRegistryImpl/FabricFluidAPISupportPlugin/" done in 37.40 μs
[19:35:48] [main/TRACE] [REI] [REIServerPlugin END] Reloading Section: "reloadable-plugin/SlotAccessorRegistryImpl/DefaultRuntimePlugin of DefaultRuntimePlugin [roughlyenoughitems]/"
[19:35:48] [main/DEBUG] [REI] Added slot accessor serializer: me.shedaniel.rei.plugin.common.runtime.DefaultRuntimePlugin$1@4976a24e [roughlyenoughitems:vanilla]
[19:35:48] [main/DEBUG] [REI] Added slot accessor serializer: me.shedaniel.rei.plugin.common.runtime.DefaultRuntimePlugin$2@2ee941d5 [roughlyenoughitems:player]
[19:35:48] [main/TRACE] [REI] [REIServerPlugin END] Reloading Section: "reloadable-plugin/SlotAccessorRegistryImpl/DefaultRuntimePlugin of DefaultRuntimePlugin [roughlyenoughitems]/" done in 4.750 ms
[19:35:48] [main/TRACE] [REI] [REIServerPlugin END] Reloading Section: "reloadable-plugin/SlotAccessorRegistryImpl/" done in 5.131 ms
[19:35:48] [main/DEBUG] [REI] ========================================
[19:35:48] [main/DEBUG] [REI] REIServerPlugin ending main-reload for END.
[19:35:48] [main/DEBUG] [REI] ========================================
[19:35:48] [main/TRACE] [REI] [REIServerPlugin END] Reloading Section: "end-reload/"
[19:35:48] [main/TRACE] [REI] [REIServerPlugin END] Reloading Section: "end-reload/MenuInfoRegistryImpl/"
[19:35:48] [main/DEBUG] [REI] Registered 0 menu infos
[19:35:48] [main/TRACE] [REI] [REIServerPlugin END] Reloading Section: "end-reload/MenuInfoRegistryImpl/" done in 99.11 μs
[19:35:48] [main/TRACE] [REI] [REIServerPlugin END] Reloading Section: "end-reload/SlotAccessorRegistryImpl/"
[19:35:48] [main/DEBUG] [REI] Registered 2 slot accessor serializers
[19:35:48] [main/TRACE] [REI] [REIServerPlugin END] Reloading Section: "end-reload/SlotAccessorRegistryImpl/" done in 79.49 μs
[19:35:48] [main/TRACE] [REI] [REIServerPlugin END] Reloading Section: "end-reload/" done in 348.9 μs
[19:35:48] [main/DEBUG] [REI] ========================================
[19:35:48] [main/DEBUG] [REI] REIServerPlugin ended main-reload for END in 8.882 ms.
[19:35:48] [main/DEBUG] [REI] ========================================
[19:35:48] [main/DEBUG] [REI] ========================================
[19:35:48] [main/DEBUG] [REI] REIPlugin starting post-reload for END.
[19:35:48] [main/DEBUG] [REI] Reloadables (7):
[19:35:48] [main/DEBUG] [REI]  - EntryTypeRegistryImpl
[19:35:48] [main/DEBUG] [REI]  - EntrySettingsAdapterRegistryImpl
[19:35:48] [main/DEBUG] [REI]  - RecipeManagerContextImpl
[19:35:48] [main/DEBUG] [REI]  - ItemComparatorRegistryImpl
[19:35:48] [main/DEBUG] [REI]  - FluidComparatorRegistryImpl
[19:35:48] [main/DEBUG] [REI]  - DisplaySerializerRegistryImpl
[19:35:48] [main/DEBUG] [REI]  - FluidSupportProviderImpl
[19:35:48] [main/DEBUG] [REI] Plugins (3):
[19:35:48] [main/DEBUG] [REI]  - (-100.00) DefaultPlugin of DefaultPlugin [roughlyenoughitems]
[19:35:48] [main/DEBUG] [REI]  - (0.00) FabricFluidAPISupportPlugin
[19:35:48] [main/DEBUG] [REI]  - (0.00) DefaultRuntimePlugin of DefaultRuntimePlugin [roughlyenoughitems]
[19:35:48] [main/DEBUG] [REI] ========================================
[19:35:48] [main/TRACE] [REI] [REIPlugin END] Reloading Section: "post-register/"
[19:35:48] [main/TRACE] [REI] [REIPlugin END] Reloading Section: "post-register/DefaultPlugin of DefaultPlugin [roughlyenoughitems]/"
[19:35:48] [main/TRACE] [REI] [REIPlugin END] Reloading Section: "post-register/DefaultPlugin of DefaultPlugin [roughlyenoughitems]/" done in 33.00 μs
[19:35:48] [main/TRACE] [REI] [REIPlugin END] Reloading Section: "post-register/FabricFluidAPISupportPlugin/"
[19:35:48] [main/TRACE] [REI] [REIPlugin END] Reloading Section: "post-register/FabricFluidAPISupportPlugin/" done in 31.78 μs
[19:35:48] [main/TRACE] [REI] [REIPlugin END] Reloading Section: "post-register/DefaultRuntimePlugin of DefaultRuntimePlugin [roughlyenoughitems]/"
[19:35:48] [main/TRACE] [REI] [REIPlugin END] Reloading Section: "post-register/DefaultRuntimePlugin of DefaultRuntimePlugin [roughlyenoughitems]/" done in 33.98 μs
[19:35:48] [main/TRACE] [REI] [REIPlugin END] Reloading Section: "post-register/" done in 351.6 μs
[19:35:48] [main/TRACE] [REI] [REIPlugin END] Reloading Section: "post-stage/"
[19:35:48] [main/TRACE] [REI] [REIPlugin END] Reloading Section: "post-stage/EntryTypeRegistryImpl/"
[19:35:48] [main/TRACE] [REI] [REIPlugin END] Reloading Section: "post-stage/EntryTypeRegistryImpl/" done in 25.09 μs
[19:35:48] [main/TRACE] [REI] [REIPlugin END] Reloading Section: "post-stage/EntrySettingsAdapterRegistryImpl/"
[19:35:48] [main/TRACE] [REI] [REIPlugin END] Reloading Section: "post-stage/EntrySettingsAdapterRegistryImpl/" done in 19.37 μs
[19:35:48] [main/TRACE] [REI] [REIPlugin END] Reloading Section: "post-stage/RecipeManagerContextImpl/"
[19:35:48] [main/TRACE] [REI] [REIPlugin END] Reloading Section: "post-stage/RecipeManagerContextImpl/" done in 17.83 μs
[19:35:48] [main/TRACE] [REI] [REIPlugin END] Reloading Section: "post-stage/ItemComparatorRegistryImpl/"
[19:35:48] [main/TRACE] [REI] [REIPlugin END] Reloading Section: "post-stage/ItemComparatorRegistryImpl/" done in 22.20 μs
[19:35:48] [main/TRACE] [REI] [REIPlugin END] Reloading Section: "post-stage/FluidComparatorRegistryImpl/"
[19:35:48] [main/TRACE] [REI] [REIPlugin END] Reloading Section: "post-stage/FluidComparatorRegistryImpl/" done in 18.19 μs
[19:35:48] [main/TRACE] [REI] [REIPlugin END] Reloading Section: "post-stage/DisplaySerializerRegistryImpl/"
[19:35:48] [main/TRACE] [REI] [REIPlugin END] Reloading Section: "post-stage/DisplaySerializerRegistryImpl/" done in 17.82 μs
[19:35:48] [main/TRACE] [REI] [REIPlugin END] Reloading Section: "post-stage/FluidSupportProviderImpl/"
[19:35:48] [main/TRACE] [REI] [REIPlugin END] Reloading Section: "post-stage/FluidSupportProviderImpl/" done in 20.26 μs
[19:35:48] [main/TRACE] [REI] [REIPlugin END] Reloading Section: "post-stage/" done in 463.0 μs
[19:35:48] [main/DEBUG] [REI] ========================================
[19:35:48] [main/INFO] [REI] REIPlugin finished post-reload for END in 893.7 μs, totaling 43.82 ms.
[19:35:48] [main/DEBUG] [REI] ========================================
[19:35:48] [main/DEBUG] [REI] ========================================
[19:35:48] [main/DEBUG] [REI] REIServerPlugin starting post-reload for END.
[19:35:48] [main/DEBUG] [REI] Reloadables (2):
[19:35:48] [main/DEBUG] [REI]  - MenuInfoRegistryImpl
[19:35:48] [main/DEBUG] [REI]  - SlotAccessorRegistryImpl
[19:35:48] [main/DEBUG] [REI] Plugins (3):
[19:35:48] [main/DEBUG] [REI]  - (-100.00) DefaultPlugin of DefaultPlugin [roughlyenoughitems]
[19:35:48] [main/DEBUG] [REI]  - (0.00) FabricFluidAPISupportPlugin
[19:35:48] [main/DEBUG] [REI]  - (0.00) DefaultRuntimePlugin of DefaultRuntimePlugin [roughlyenoughitems]
[19:35:48] [main/DEBUG] [REI] ========================================
[19:35:48] [main/TRACE] [REI] [REIServerPlugin END] Reloading Section: "post-register/"
[19:35:48] [main/TRACE] [REI] [REIServerPlugin END] Reloading Section: "post-register/DefaultPlugin of DefaultPlugin [roughlyenoughitems]/"
[19:35:48] [main/TRACE] [REI] [REIServerPlugin END] Reloading Section: "post-register/DefaultPlugin of DefaultPlugin [roughlyenoughitems]/" done in 46.80 μs
[19:35:48] [main/TRACE] [REI] [REIServerPlugin END] Reloading Section: "post-register/FabricFluidAPISupportPlugin/"
[19:35:48] [main/TRACE] [REI] [REIServerPlugin END] Reloading Section: "post-register/FabricFluidAPISupportPlugin/" done in 32.59 μs
[19:35:48] [main/TRACE] [REI] [REIServerPlugin END] Reloading Section: "post-register/DefaultRuntimePlugin of DefaultRuntimePlugin [roughlyenoughitems]/"
[19:35:48] [main/TRACE] [REI] [REIServerPlugin END] Reloading Section: "post-register/DefaultRuntimePlugin of DefaultRuntimePlugin [roughlyenoughitems]/" done in 49.09 μs
[19:35:48] [main/TRACE] [REI] [REIServerPlugin END] Reloading Section: "post-register/" done in 368.9 μs
[19:35:48] [main/TRACE] [REI] [REIServerPlugin END] Reloading Section: "post-stage/"
[19:35:48] [main/TRACE] [REI] [REIServerPlugin END] Reloading Section: "post-stage/MenuInfoRegistryImpl/"
[19:35:48] [main/TRACE] [REI] [REIServerPlugin END] Reloading Section: "post-stage/MenuInfoRegistryImpl/" done in 27.48 μs
[19:35:48] [main/TRACE] [REI] [REIServerPlugin END] Reloading Section: "post-stage/SlotAccessorRegistryImpl/"
[19:35:48] [main/TRACE] [REI] [REIServerPlugin END] Reloading Section: "post-stage/SlotAccessorRegistryImpl/" done in 28.85 μs
[19:35:48] [main/TRACE] [REI] [REIServerPlugin END] Reloading Section: "post-stage/" done in 189.4 μs
[19:35:48] [main/DEBUG] [REI] ========================================
[19:35:48] [main/INFO] [REI] REIServerPlugin finished post-reload for END in 664.8 μs, totaling 11.56 ms.
[19:35:48] [main/DEBUG] [REI] ========================================
